#
# There is insufficient memory for the Java Runtime Environment to continue.
# Native memory allocation (malloc) failed to allocate 6305456 bytes for Chunk::new
# Possible reasons:
#   The system is out of physical RAM or swap space
#   The process is running with CompressedOops enabled, and the Java Heap may be blocking the growth of the native heap
# Possible solutions:
#   Reduce memory load on the system
#   Increase physical memory or swap space
#   Check if swap backing store is full
#   Decrease Java heap size (-Xmx/-Xms)
#   Decrease number of Java threads
#   Decrease Java thread stack sizes (-Xss)
#   Set larger code cache with -XX:ReservedCodeCacheSize=
#   JVM is running with Zero Based Compressed Oops mode in which the Java heap is
#     placed in the first 32GB address space. The Java Heap base address is the
#     maximum limit for the native heap growth. Please use -XX:HeapBaseMinAddress
#     to set the Java Heap base and to place the Java Heap above 32GB virtual address.
# This output file may be truncated or incomplete.
#
#  Out of Memory Error (arena.cpp:197), pid=1892, tid=10612
#
# JRE version: OpenJDK Runtime Environment Corretto-11.0.20.9.1 (11.0.20.1+9) (build 11.0.20.1+9-LTS)
# Java VM: OpenJDK 64-Bit Server VM Corretto-11.0.20.9.1 (11.0.20.1+9-LTS, mixed mode, tiered, compressed oops, g1 gc, windows-amd64)
# No core dump will be written. Minidumps are not enabled by default on client versions of Windows
#

---------------  S U M M A R Y ------------

Command Line: -agentlib:jdwp=transport=dt_socket,server=n,suspend=y,address=127.0.0.1:50653 -Dfile.encoding=windows-1252 -Duser.country=US -Duser.language=en -Duser.variant -ea -Xmx8192M pathfinder.ShortestPathPluginTest

Host: Intel(R) Core(TM) i5-3570K CPU @ 3.40GHz, 4 cores, 23G,  Windows 10 , 64 bit Build 19041 (10.0.19041.3393)
Time: Sat Sep 23 16:19:31 2023 Central Daylight Time elapsed time: 38.861962 seconds (0d 0h 0m 38s)

---------------  T H R E A D  ---------------

Current thread (0x000001aa93d2a800):  JavaThread "C2 CompilerThread1" daemon [_thread_in_native, id=10612, stack(0x0000008897d00000,0x0000008897e00000)]


Current CompileTask:
C2:  38862 12631 %     4       jw::ak @ 464 (2318 bytes)

Stack: [0x0000008897d00000,0x0000008897e00000]
Native frames: (J=compiled Java code, j=interpreted, Vv=VM code, C=native code)
V  [jvm.dll+0x62418a]
V  [jvm.dll+0x7b1d69]
V  [jvm.dll+0x7b3458]
V  [jvm.dll+0x7b3b33]
V  [jvm.dll+0x250148]
V  [jvm.dll+0xc264c]
V  [jvm.dll+0xc2c0c]
V  [jvm.dll+0x35cfa7]
V  [jvm.dll+0x19eff1]
V  [jvm.dll+0x209685]
V  [jvm.dll+0x2086fd]
V  [jvm.dll+0x18a6b1]
V  [jvm.dll+0x217da4]
V  [jvm.dll+0x215feb]
V  [jvm.dll+0x774840]
V  [jvm.dll+0x76d634]
V  [jvm.dll+0x622ff5]
C  [ucrtbase.dll+0x21bb2]
C  [KERNEL32.DLL+0x17344]
C  [ntdll.dll+0x526b1]


---------------  P R O C E S S  ---------------

Threads class SMR info:
_java_thread_list=0x000001aa90722710, length=50, elements={
0x000001aa888ab000, 0x000001aa888d5000, 0x000001aa88929800, 0x000001aa8892c800,
0x000001aa8892e000, 0x000001aa88935000, 0x000001aa8893f000, 0x000001aa88941000,
0x000001aa88ac1000, 0x000001aa88ae1000, 0x000001aa88ae6800, 0x000001aa88b33800,
0x000001aa89ba7800, 0x000001aa89ba8800, 0x000001aa89b85800, 0x000001aa89b72000,
0x000001aa8a1a2800, 0x000001aa8a4cc800, 0x000001aa8a25f800, 0x000001aa906d7000,
0x000001aa90815000, 0x000001aa89689800, 0x000001aa89689000, 0x000001aa8968c000,
0x000001aa8968a800, 0x000001aa8968d000, 0x000001aa8968b800, 0x000001aa89688000,
0x000001aa91147000, 0x000001aa91146000, 0x000001aa91149800, 0x000001aa91148800,
0x000001aa9114d800, 0x000001aa9114f000, 0x000001aa9114e000, 0x000001aa91150000,
0x000001aa9114a000, 0x000001aa9114b000, 0x000001aa91150800, 0x000001aa91151800,
0x000001aa9114b800, 0x000001aa91152800, 0x000001aa9114c800, 0x000001aa91154000,
0x000001aa91154800, 0x000001aa91153000, 0x000001aa9a157000, 0x000001aa9a158000,
0x000001aa9a159000, 0x000001aa93d2a800
}

Java Threads: ( => current thread )
  0x000001aa888ab000 JavaThread "Reference Handler" daemon [_thread_blocked, id=18452, stack(0x0000008894200000,0x0000008894300000)]
  0x000001aa888d5000 JavaThread "Finalizer" daemon [_thread_blocked, id=13472, stack(0x0000008894300000,0x0000008894400000)]
  0x000001aa88929800 JavaThread "Signal Dispatcher" daemon [_thread_blocked, id=6568, stack(0x0000008894400000,0x0000008894500000)]
  0x000001aa8892c800 JavaThread "Attach Listener" daemon [_thread_blocked, id=20256, stack(0x0000008894500000,0x0000008894600000)]
  0x000001aa8892e000 JavaThread "Service Thread" daemon [_thread_blocked, id=14712, stack(0x0000008894600000,0x0000008894700000)]
  0x000001aa88935000 JavaThread "C2 CompilerThread0" daemon [_thread_in_native, id=9200, stack(0x0000008894700000,0x0000008894800000)]
  0x000001aa8893f000 JavaThread "C1 CompilerThread0" daemon [_thread_blocked, id=4184, stack(0x0000008894800000,0x0000008894900000)]
  0x000001aa88941000 JavaThread "Sweeper thread" daemon [_thread_blocked, id=7112, stack(0x0000008894900000,0x0000008894a00000)]
  0x000001aa88ac1000 JavaThread "JDWP Transport Listener: dt_socket" daemon [_thread_blocked, id=18388, stack(0x0000008894a00000,0x0000008894b00000)]
  0x000001aa88ae1000 JavaThread "JDWP Event Helper Thread" daemon [_thread_blocked, id=16060, stack(0x0000008894b00000,0x0000008894c00000)]
  0x000001aa88ae6800 JavaThread "JDWP Command Reader" daemon [_thread_in_native, id=2740, stack(0x0000008894c00000,0x0000008894d00000)]
  0x000001aa88b33800 JavaThread "Common-Cleaner" daemon [_thread_blocked, id=9812, stack(0x0000008894e00000,0x0000008894f00000)]
  0x000001aa89ba7800 JavaThread "Java2D Disposer" daemon [_thread_blocked, id=4392, stack(0x0000008895600000,0x0000008895700000)]
  0x000001aa89ba8800 JavaThread "AWT-Shutdown" [_thread_blocked, id=16184, stack(0x0000008895700000,0x0000008895800000)]
  0x000001aa89b85800 JavaThread "AWT-Windows" daemon [_thread_in_native, id=2040, stack(0x0000008895800000,0x0000008895900000)]
  0x000001aa89b72000 JavaThread "AWT-EventQueue-0" [_thread_blocked, id=11200, stack(0x0000008895900000,0x0000008895a00000)]
  0x000001aa8a1a2800 JavaThread "TimerQueue" daemon [_thread_blocked, id=13892, stack(0x0000008896100000,0x0000008896200000)]
  0x000001aa8a4cc800 JavaThread "D3D Screen Updater" daemon [_thread_blocked, id=16488, stack(0x0000008896200000,0x0000008896300000)]
  0x000001aa8a25f800 JavaThread "OkHttp Dispatcher" [_thread_blocked, id=18540, stack(0x0000008896300000,0x0000008896400000)]
  0x000001aa906d7000 JavaThread "OkHttp ConnectionPool" daemon [_thread_blocked, id=19664, stack(0x0000008896600000,0x0000008896700000)]
  0x000001aa90815000 JavaThread "Okio Watchdog" daemon [_thread_blocked, id=19192, stack(0x0000008896700000,0x0000008896800000)]
  0x000001aa89689800 JavaThread "pool-2-thread-1" [_thread_blocked, id=7676, stack(0x0000008896800000,0x0000008896900000)]
  0x000001aa89689000 JavaThread "Thread-0" daemon [_thread_blocked, id=9072, stack(0x0000008896a00000,0x0000008896b00000)]
  0x000001aa8968c000 JavaThread "Client" daemon [_thread_in_native, id=18400, stack(0x0000008896b00000,0x0000008896c00000)]
  0x000001aa8968a800 JavaThread "Thread-2" daemon [_thread_blocked, id=10620, stack(0x0000008896c00000,0x0000008896d00000)]
  0x000001aa8968d000 JavaThread "Thread-4" daemon [_thread_blocked, id=10188, stack(0x0000008896d00000,0x0000008896e00000)]
  0x000001aa8968b800 JavaThread "OkHttp static.runelite.net Writer" [_thread_blocked, id=12588, stack(0x0000008897000000,0x0000008897100000)]
  0x000001aa89688000 JavaThread "OkHttp static.runelite.net" [_thread_in_native, id=13116, stack(0x0000008897100000,0x0000008897200000)]
  0x000001aa91147000 JavaThread "OkHttp Http2Connection" daemon [_thread_blocked, id=12244, stack(0x0000008897200000,0x0000008897300000)]
  0x000001aa91146000 JavaThread "cache io" daemon [_thread_blocked, id=18756, stack(0x0000008897300000,0x0000008897400000)]
  0x000001aa91149800 JavaThread "Java Sound Event Dispatcher" daemon [_thread_blocked, id=8688, stack(0x0000008897600000,0x0000008897700000)]
  0x000001aa91148800 JavaThread "pool-5-thread-1" [_thread_blocked, id=18884, stack(0x0000008897900000,0x0000008897a00000)]
  0x000001aa9114d800 JavaThread "Thread-7" daemon [_thread_blocked, id=17644, stack(0x0000008897c00000,0x0000008897d00000)]
  0x000001aa9114f000 JavaThread "Substance heap status" daemon [_thread_blocked, id=14168, stack(0x0000008897e00000,0x0000008897f00000)]
  0x000001aa9114e000 JavaThread "Trident callback thread" daemon [_thread_blocked, id=236, stack(0x0000008898000000,0x0000008898100000)]
  0x000001aa91150000 JavaThread "Trident pulse source thread" daemon [_thread_blocked, id=14140, stack(0x0000008898100000,0x0000008898200000)]
  0x000001aa9114a000 JavaThread "pool-7-thread-1" [_thread_in_native, id=13128, stack(0x0000008898200000,0x0000008898300000)]
  0x000001aa9114b000 JavaThread "Direct Clip" daemon [_thread_blocked, id=20096, stack(0x0000008898300000,0x0000008898400000)]
  0x000001aa91150800 JavaThread "Direct Clip" daemon [_thread_blocked, id=16816, stack(0x0000008898400000,0x0000008898500000)]
  0x000001aa91151800 JavaThread "Direct Clip" daemon [_thread_blocked, id=14480, stack(0x0000008898500000,0x0000008898600000)]
  0x000001aa9114b800 JavaThread "Direct Clip" daemon [_thread_blocked, id=11892, stack(0x0000008898600000,0x0000008898700000)]
  0x000001aa91152800 JavaThread "OkHttp sync.runescape.wiki Writer" [_thread_blocked, id=11564, stack(0x0000008898800000,0x0000008898900000)]
  0x000001aa9114c800 JavaThread "OkHttp sync.runescape.wiki" [_thread_in_native, id=3544, stack(0x0000008898900000,0x0000008898a00000)]
  0x000001aa91154000 JavaThread "OkHttp Dispatcher" [_thread_blocked, id=18532, stack(0x0000008898a00000,0x0000008898b00000)]
  0x000001aa91154800 JavaThread "OkHttp Dispatcher" [_thread_blocked, id=13484, stack(0x0000008898b00000,0x0000008898c00000)]
  0x000001aa91153000 JavaThread "pool-6-thread-1" [_thread_blocked, id=9180, stack(0x0000008898c00000,0x0000008898d00000)]
  0x000001aa9a157000 JavaThread "DestroyJavaVM" [_thread_blocked, id=17368, stack(0x0000008893b00000,0x0000008893c00000)]
  0x000001aa9a158000 JavaThread "Thread-12" daemon [_thread_in_native, id=16448, stack(0x0000008894f00000,0x0000008895000000)]
  0x000001aa9a159000 JavaThread "Thread-13" daemon [_thread_blocked, id=14076, stack(0x0000008896900000,0x0000008896a00000)]
=>0x000001aa93d2a800 JavaThread "C2 CompilerThread1" daemon [_thread_in_native, id=10612, stack(0x0000008897d00000,0x0000008897e00000)]

Other Threads:
  0x000001aa888a8000 VMThread "VM Thread" [stack: 0x0000008894100000,0x0000008894200000] [id=7804]
  0x000001aa88b17800 WatcherThread [stack: 0x0000008894d00000,0x0000008894e00000] [id=11316]
  0x000001aadb31b000 GCTaskThread "GC Thread#0" [stack: 0x0000008893c00000,0x0000008893d00000] [id=11736]
  0x000001aa89696800 GCTaskThread "GC Thread#1" [stack: 0x0000008895000000,0x0000008895100000] [id=16532]
  0x000001aa89ab2800 GCTaskThread "GC Thread#2" [stack: 0x0000008895100000,0x0000008895200000] [id=7512]
  0x000001aa89698000 GCTaskThread "GC Thread#3" [stack: 0x0000008895200000,0x0000008895300000] [id=13108]
  0x000001aadb39b800 ConcurrentGCThread "G1 Main Marker" [stack: 0x0000008893d00000,0x0000008893e00000] [id=11292]
  0x000001aadb39c800 ConcurrentGCThread "G1 Conc#0" [stack: 0x0000008893e00000,0x0000008893f00000] [id=5492]
  0x000001aaffead000 ConcurrentGCThread "G1 Refine#0" [stack: 0x0000008893f00000,0x0000008894000000] [id=11276]
  0x000001aa89c9a800 ConcurrentGCThread "G1 Refine#1" [stack: 0x0000008895300000,0x0000008895400000] [id=15740]
  0x000001aa890ff800 ConcurrentGCThread "G1 Refine#2" [stack: 0x0000008895400000,0x0000008895500000] [id=18508]
  0x000001aa9498d800 ConcurrentGCThread "G1 Refine#3" [stack: 0x0000008898700000,0x0000008898800000] [id=14040]
  0x000001aaffeae000 ConcurrentGCThread "G1 Young RemSet Sampling" [stack: 0x0000008894000000,0x0000008894100000] [id=348]

Threads with active compile tasks:
C2 CompilerThread0    38925 13713 %     4       ud::ba @ 3002 (3468 bytes)
C2 CompilerThread1    38925 12631 %     4       jw::ak @ 464 (2318 bytes)

VM state:not at safepoint (normal execution)

VM Mutex/Monitor currently owned by a thread: None

Heap address: 0x0000000600000000, size: 8192 MB, Compressed Oops mode: Zero based, Oop shift amount: 3
Narrow klass base: 0x0000000800000000, Narrow klass shift: 0
Compressed class space size: 1073741824 Address: 0x0000000800000000

Heap:
 garbage-first heap   total 684032K, used 465821K [0x0000000600000000, 0x0000000800000000)
  region size 2048K, 87 young (178176K), 2 survivors (4096K)
 Metaspace       used 92134K, capacity 95731K, committed 95872K, reserved 1134592K
  class space    used 9451K, capacity 10826K, committed 10880K, reserved 1048576K
Heap Regions: E=young(eden), S=young(survivor), O=old, HS=humongous(starts), HC=humongous(continues), CS=collection set, F=free, A=archive, TAMS=top-at-mark-start (previous, next)
|   0|0x0000000600000000, 0x0000000600200000, 0x0000000600200000|100%| O|  |TAMS 0x0000000600200000, 0x0000000600000000| Untracked 
|   1|0x0000000600200000, 0x0000000600400000, 0x0000000600400000|100%| O|  |TAMS 0x0000000600400000, 0x0000000600200000| Untracked 
|   2|0x0000000600400000, 0x0000000600600000, 0x0000000600600000|100%| O|  |TAMS 0x0000000600600000, 0x0000000600400000| Untracked 
|   3|0x0000000600600000, 0x0000000600800000, 0x0000000600800000|100%| O|  |TAMS 0x0000000600800000, 0x0000000600600000| Untracked 
|   4|0x0000000600800000, 0x0000000600a00000, 0x0000000600a00000|100%| O|  |TAMS 0x0000000600a00000, 0x0000000600800000| Untracked 
|   5|0x0000000600a00000, 0x0000000600c00000, 0x0000000600c00000|100%| O|  |TAMS 0x0000000600c00000, 0x0000000600a00000| Untracked 
|   6|0x0000000600c00000, 0x0000000600e00000, 0x0000000600e00000|100%|HS|  |TAMS 0x0000000600c00000, 0x0000000600c00000| Complete 
|   7|0x0000000600e00000, 0x0000000601000000, 0x0000000601000000|100%|HS|  |TAMS 0x0000000601000000, 0x0000000600e00000| Untracked 
|   8|0x0000000601000000, 0x0000000601200000, 0x0000000601200000|100%|HC|  |TAMS 0x0000000601200000, 0x0000000601000000| Untracked 
|   9|0x0000000601200000, 0x0000000601400000, 0x0000000601400000|100%| O|  |TAMS 0x0000000601400000, 0x0000000601200000| Untracked 
|  10|0x0000000601400000, 0x0000000601600000, 0x0000000601600000|100%| O|  |TAMS 0x0000000601400000, 0x0000000601400000| Untracked 
|  11|0x0000000601600000, 0x0000000601800000, 0x0000000601800000|100%| O|  |TAMS 0x0000000601600000, 0x0000000601600000| Untracked 
|  12|0x0000000601800000, 0x0000000601a00000, 0x0000000601a00000|100%| O|  |TAMS 0x0000000601800000, 0x0000000601800000| Untracked 
|  13|0x0000000601a00000, 0x0000000601c00000, 0x0000000601c00000|100%| O|  |TAMS 0x0000000601a00000, 0x0000000601a00000| Untracked 
|  14|0x0000000601c00000, 0x0000000601e00000, 0x0000000601e00000|100%| O|  |TAMS 0x0000000601c00000, 0x0000000601c00000| Untracked 
|  15|0x0000000601e00000, 0x0000000602000000, 0x0000000602000000|100%| O|  |TAMS 0x0000000601e00000, 0x0000000601e00000| Untracked 
|  16|0x0000000602000000, 0x0000000602200000, 0x0000000602200000|100%| O|  |TAMS 0x0000000602000000, 0x0000000602000000| Untracked 
|  17|0x0000000602200000, 0x0000000602400000, 0x0000000602400000|100%| O|  |TAMS 0x0000000602200000, 0x0000000602200000| Untracked 
|  18|0x0000000602400000, 0x0000000602600000, 0x0000000602600000|100%| O|  |TAMS 0x0000000602400000, 0x0000000602400000| Untracked 
|  19|0x0000000602600000, 0x0000000602800000, 0x0000000602800000|100%| O|  |TAMS 0x0000000602600000, 0x0000000602600000| Untracked 
|  20|0x0000000602800000, 0x0000000602a00000, 0x0000000602a00000|100%| O|  |TAMS 0x0000000602800000, 0x0000000602800000| Untracked 
|  21|0x0000000602a00000, 0x0000000602c00000, 0x0000000602c00000|100%|HS|  |TAMS 0x0000000602c00000, 0x0000000602a00000| Complete 
|  22|0x0000000602c00000, 0x0000000602e00000, 0x0000000602e00000|100%| O|  |TAMS 0x0000000602e00000, 0x0000000602c00000| Untracked 
|  23|0x0000000602e00000, 0x0000000603000000, 0x0000000603000000|100%| O|  |TAMS 0x0000000603000000, 0x0000000602e00000| Untracked 
|  24|0x0000000603000000, 0x0000000603200000, 0x0000000603200000|100%| O|  |TAMS 0x0000000603200000, 0x0000000603000000| Untracked 
|  25|0x0000000603200000, 0x0000000603400000, 0x0000000603400000|100%| O|  |TAMS 0x0000000603400000, 0x0000000603200000| Untracked 
|  26|0x0000000603400000, 0x0000000603600000, 0x0000000603600000|100%| O|  |TAMS 0x0000000603600000, 0x0000000603400000| Untracked 
|  27|0x0000000603600000, 0x0000000603800000, 0x0000000603800000|100%| O|  |TAMS 0x0000000603800000, 0x0000000603600000| Untracked 
|  28|0x0000000603800000, 0x0000000603a00000, 0x0000000603a00000|100%| O|  |TAMS 0x0000000603a00000, 0x0000000603800000| Untracked 
|  29|0x0000000603a00000, 0x0000000603c00000, 0x0000000603c00000|100%| O|  |TAMS 0x0000000603c00000, 0x0000000603a00000| Untracked 
|  30|0x0000000603c00000, 0x0000000603e00000, 0x0000000603e00000|100%| O|  |TAMS 0x0000000603e00000, 0x0000000603c00000| Untracked 
|  31|0x0000000603e00000, 0x0000000604000000, 0x0000000604000000|100%| O|  |TAMS 0x0000000604000000, 0x0000000603e00000| Untracked 
|  32|0x0000000604000000, 0x0000000604200000, 0x0000000604200000|100%| O|  |TAMS 0x0000000604200000, 0x0000000604000000| Untracked 
|  33|0x0000000604200000, 0x0000000604400000, 0x0000000604400000|100%| O|  |TAMS 0x0000000604400000, 0x0000000604200000| Untracked 
|  34|0x0000000604400000, 0x0000000604400000, 0x0000000604600000|  0%| F|  |TAMS 0x0000000604400000, 0x0000000604400000| Untracked 
|  35|0x0000000604600000, 0x0000000604800000, 0x0000000604800000|100%| O|  |TAMS 0x0000000604800000, 0x0000000604600000| Untracked 
|  36|0x0000000604800000, 0x0000000604a00000, 0x0000000604a00000|100%| O|  |TAMS 0x0000000604a00000, 0x0000000604800000| Untracked 
|  37|0x0000000604a00000, 0x0000000604c00000, 0x0000000604c00000|100%| O|  |TAMS 0x0000000604c00000, 0x0000000604a00000| Untracked 
|  38|0x0000000604c00000, 0x0000000604e00000, 0x0000000604e00000|100%| O|  |TAMS 0x0000000604e00000, 0x0000000604c00000| Untracked 
|  39|0x0000000604e00000, 0x0000000605000000, 0x0000000605000000|100%| O|  |TAMS 0x0000000605000000, 0x0000000604e00000| Untracked 
|  40|0x0000000605000000, 0x0000000605200000, 0x0000000605200000|100%| O|  |TAMS 0x0000000605200000, 0x0000000605000000| Untracked 
|  41|0x0000000605200000, 0x0000000605400000, 0x0000000605400000|100%| O|  |TAMS 0x0000000605400000, 0x0000000605200000| Untracked 
|  42|0x0000000605400000, 0x0000000605600000, 0x0000000605600000|100%| O|  |TAMS 0x0000000605600000, 0x0000000605400000| Untracked 
|  43|0x0000000605600000, 0x0000000605800000, 0x0000000605800000|100%| O|  |TAMS 0x0000000605800000, 0x0000000605600000| Untracked 
|  44|0x0000000605800000, 0x0000000605a00000, 0x0000000605a00000|100%|HS|  |TAMS 0x0000000605a00000, 0x0000000605800000| Complete 
|  45|0x0000000605a00000, 0x0000000605c00000, 0x0000000605c00000|100%| O|  |TAMS 0x0000000605c00000, 0x0000000605a00000| Untracked 
|  46|0x0000000605c00000, 0x0000000605e00000, 0x0000000605e00000|100%| O|  |TAMS 0x0000000605e00000, 0x0000000605c00000| Untracked 
|  47|0x0000000605e00000, 0x0000000606000000, 0x0000000606000000|100%| O|  |TAMS 0x0000000606000000, 0x0000000605e00000| Untracked 
|  48|0x0000000606000000, 0x0000000606200000, 0x0000000606200000|100%| O|  |TAMS 0x0000000606200000, 0x0000000606000000| Untracked 
|  49|0x0000000606200000, 0x0000000606400000, 0x0000000606400000|100%| O|  |TAMS 0x0000000606400000, 0x0000000606200000| Untracked 
|  50|0x0000000606400000, 0x0000000606600000, 0x0000000606600000|100%| O|  |TAMS 0x0000000606600000, 0x0000000606400000| Untracked 
|  51|0x0000000606600000, 0x0000000606800000, 0x0000000606800000|100%| O|  |TAMS 0x0000000606800000, 0x0000000606600000| Untracked 
|  52|0x0000000606800000, 0x0000000606a00000, 0x0000000606a00000|100%| O|  |TAMS 0x0000000606a00000, 0x0000000606800000| Untracked 
|  53|0x0000000606a00000, 0x0000000606c00000, 0x0000000606c00000|100%| O|  |TAMS 0x0000000606c00000, 0x0000000606a00000| Untracked 
|  54|0x0000000606c00000, 0x0000000606e00000, 0x0000000606e00000|100%| O|  |TAMS 0x0000000606e00000, 0x0000000606c00000| Untracked 
|  55|0x0000000606e00000, 0x0000000607000000, 0x0000000607000000|100%| O|  |TAMS 0x0000000607000000, 0x0000000606e00000| Untracked 
|  56|0x0000000607000000, 0x0000000607200000, 0x0000000607200000|100%| O|  |TAMS 0x0000000607200000, 0x0000000607000000| Untracked 
|  57|0x0000000607200000, 0x0000000607400000, 0x0000000607400000|100%| O|  |TAMS 0x0000000607400000, 0x0000000607200000| Untracked 
|  58|0x0000000607400000, 0x0000000607600000, 0x0000000607600000|100%| O|  |TAMS 0x0000000607600000, 0x0000000607400000| Untracked 
|  59|0x0000000607600000, 0x0000000607800000, 0x0000000607800000|100%| O|  |TAMS 0x0000000607800000, 0x0000000607600000| Untracked 
|  60|0x0000000607800000, 0x0000000607a00000, 0x0000000607a00000|100%| O|  |TAMS 0x0000000607a00000, 0x0000000607800000| Untracked 
|  61|0x0000000607a00000, 0x0000000607c00000, 0x0000000607c00000|100%| O|  |TAMS 0x0000000607c00000, 0x0000000607a00000| Untracked 
|  62|0x0000000607c00000, 0x0000000607e00000, 0x0000000607e00000|100%| O|  |TAMS 0x0000000607e00000, 0x0000000607c00000| Untracked 
|  63|0x0000000607e00000, 0x0000000608000000, 0x0000000608000000|100%| O|  |TAMS 0x0000000608000000, 0x0000000607e00000| Untracked 
|  64|0x0000000608000000, 0x0000000608200000, 0x0000000608200000|100%| O|  |TAMS 0x0000000608200000, 0x0000000608000000| Untracked 
|  65|0x0000000608200000, 0x0000000608400000, 0x0000000608400000|100%| O|  |TAMS 0x0000000608400000, 0x0000000608200000| Untracked 
|  66|0x0000000608400000, 0x0000000608600000, 0x0000000608600000|100%| O|  |TAMS 0x0000000608600000, 0x0000000608400000| Untracked 
|  67|0x0000000608600000, 0x0000000608800000, 0x0000000608800000|100%| O|  |TAMS 0x0000000608800000, 0x0000000608600000| Untracked 
|  68|0x0000000608800000, 0x0000000608a00000, 0x0000000608a00000|100%| O|  |TAMS 0x0000000608a00000, 0x0000000608800000| Untracked 
|  69|0x0000000608a00000, 0x0000000608c00000, 0x0000000608c00000|100%| O|  |TAMS 0x0000000608c00000, 0x0000000608a00000| Untracked 
|  70|0x0000000608c00000, 0x0000000608e00000, 0x0000000608e00000|100%| O|  |TAMS 0x0000000608e00000, 0x0000000608c00000| Untracked 
|  71|0x0000000608e00000, 0x0000000609000000, 0x0000000609000000|100%| O|  |TAMS 0x0000000609000000, 0x0000000608e00000| Untracked 
|  72|0x0000000609000000, 0x0000000609200000, 0x0000000609200000|100%| O|  |TAMS 0x0000000609200000, 0x0000000609000000| Untracked 
|  73|0x0000000609200000, 0x0000000609400000, 0x0000000609400000|100%| O|  |TAMS 0x0000000609400000, 0x0000000609200000| Untracked 
|  74|0x0000000609400000, 0x0000000609600000, 0x0000000609600000|100%| O|  |TAMS 0x0000000609600000, 0x0000000609400000| Untracked 
|  75|0x0000000609600000, 0x0000000609800000, 0x0000000609800000|100%| O|  |TAMS 0x0000000609800000, 0x0000000609600000| Untracked 
|  76|0x0000000609800000, 0x0000000609a00000, 0x0000000609a00000|100%| O|  |TAMS 0x0000000609a00000, 0x0000000609800000| Untracked 
|  77|0x0000000609a00000, 0x0000000609c00000, 0x0000000609c00000|100%| O|  |TAMS 0x0000000609c00000, 0x0000000609a00000| Untracked 
|  78|0x0000000609c00000, 0x0000000609e00000, 0x0000000609e00000|100%|HS|  |TAMS 0x0000000609e00000, 0x0000000609c00000| Complete 
|  79|0x0000000609e00000, 0x000000060a000000, 0x000000060a000000|100%|HC|  |TAMS 0x000000060a000000, 0x0000000609e00000| Complete 
|  80|0x000000060a000000, 0x000000060a000000, 0x000000060a200000|  0%| F|  |TAMS 0x000000060a000000, 0x000000060a000000| Untracked 
|  81|0x000000060a200000, 0x000000060a400000, 0x000000060a400000|100%| O|  |TAMS 0x000000060a400000, 0x000000060a200000| Untracked 
|  82|0x000000060a400000, 0x000000060a600000, 0x000000060a600000|100%| O|  |TAMS 0x000000060a600000, 0x000000060a400000| Untracked 
|  83|0x000000060a600000, 0x000000060a800000, 0x000000060a800000|100%| O|  |TAMS 0x000000060a800000, 0x000000060a600000| Untracked 
|  84|0x000000060a800000, 0x000000060aa00000, 0x000000060aa00000|100%| O|  |TAMS 0x000000060aa00000, 0x000000060a800000| Untracked 
|  85|0x000000060aa00000, 0x000000060ac00000, 0x000000060ac00000|100%| O|  |TAMS 0x000000060ac00000, 0x000000060aa00000| Untracked 
|  86|0x000000060ac00000, 0x000000060ae00000, 0x000000060ae00000|100%| O|  |TAMS 0x000000060ae00000, 0x000000060ac00000| Untracked 
|  87|0x000000060ae00000, 0x000000060b000000, 0x000000060b000000|100%| O|  |TAMS 0x000000060b000000, 0x000000060ae00000| Untracked 
|  88|0x000000060b000000, 0x000000060b200000, 0x000000060b200000|100%| O|  |TAMS 0x000000060b200000, 0x000000060b000000| Untracked 
|  89|0x000000060b200000, 0x000000060b400000, 0x000000060b400000|100%| O|  |TAMS 0x000000060b400000, 0x000000060b200000| Untracked 
|  90|0x000000060b400000, 0x000000060b600000, 0x000000060b600000|100%| O|  |TAMS 0x000000060b600000, 0x000000060b400000| Untracked 
|  91|0x000000060b600000, 0x000000060b800000, 0x000000060b800000|100%| O|  |TAMS 0x000000060b800000, 0x000000060b600000| Untracked 
|  92|0x000000060b800000, 0x000000060ba00000, 0x000000060ba00000|100%|HS|  |TAMS 0x000000060ba00000, 0x000000060b800000| Complete 
|  93|0x000000060ba00000, 0x000000060bc00000, 0x000000060bc00000|100%|HS|  |TAMS 0x000000060bc00000, 0x000000060ba00000| Complete 
|  94|0x000000060bc00000, 0x000000060be00000, 0x000000060be00000|100%|HS|  |TAMS 0x000000060be00000, 0x000000060bc00000| Complete 
|  95|0x000000060be00000, 0x000000060c000000, 0x000000060c000000|100%|HS|  |TAMS 0x000000060c000000, 0x000000060be00000| Complete 
|  96|0x000000060c000000, 0x000000060c200000, 0x000000060c200000|100%|HS|  |TAMS 0x000000060c200000, 0x000000060c000000| Complete 
|  97|0x000000060c200000, 0x000000060c400000, 0x000000060c400000|100%|HS|  |TAMS 0x000000060c400000, 0x000000060c200000| Complete 
|  98|0x000000060c400000, 0x000000060c600000, 0x000000060c600000|100%|HS|  |TAMS 0x000000060c600000, 0x000000060c400000| Complete 
|  99|0x000000060c600000, 0x000000060c800000, 0x000000060c800000|100%|HS|  |TAMS 0x000000060c800000, 0x000000060c600000| Complete 
| 100|0x000000060c800000, 0x000000060ca00000, 0x000000060ca00000|100%|HC|  |TAMS 0x000000060ca00000, 0x000000060c800000| Complete 
| 101|0x000000060ca00000, 0x000000060cc00000, 0x000000060cc00000|100%|HC|  |TAMS 0x000000060cc00000, 0x000000060ca00000| Complete 
| 102|0x000000060cc00000, 0x000000060ce00000, 0x000000060ce00000|100%|HS|  |TAMS 0x000000060ce00000, 0x000000060cc00000| Complete 
| 103|0x000000060ce00000, 0x000000060d000000, 0x000000060d000000|100%| O|  |TAMS 0x000000060d000000, 0x000000060ce00000| Untracked 
| 104|0x000000060d000000, 0x000000060d200000, 0x000000060d200000|100%| O|  |TAMS 0x000000060d200000, 0x000000060d000000| Untracked 
| 105|0x000000060d200000, 0x000000060d400000, 0x000000060d400000|100%| O|  |TAMS 0x000000060d400000, 0x000000060d200000| Untracked 
| 106|0x000000060d400000, 0x000000060d600000, 0x000000060d600000|100%| O|  |TAMS 0x000000060d600000, 0x000000060d400000| Untracked 
| 107|0x000000060d600000, 0x000000060d800000, 0x000000060d800000|100%| O|  |TAMS 0x000000060d800000, 0x000000060d600000| Untracked 
| 108|0x000000060d800000, 0x000000060da00000, 0x000000060da00000|100%| O|  |TAMS 0x000000060da00000, 0x000000060d800000| Untracked 
| 109|0x000000060da00000, 0x000000060dc00000, 0x000000060dc00000|100%| O|  |TAMS 0x000000060dc00000, 0x000000060da00000| Untracked 
| 110|0x000000060dc00000, 0x000000060de00000, 0x000000060de00000|100%| O|  |TAMS 0x000000060de00000, 0x000000060dc00000| Untracked 
| 111|0x000000060de00000, 0x000000060e000000, 0x000000060e000000|100%| O|  |TAMS 0x000000060e000000, 0x000000060de00000| Untracked 
| 112|0x000000060e000000, 0x000000060e200000, 0x000000060e200000|100%| O|  |TAMS 0x000000060e200000, 0x000000060e000000| Untracked 
| 113|0x000000060e200000, 0x000000060e400000, 0x000000060e400000|100%| O|  |TAMS 0x000000060e400000, 0x000000060e200000| Untracked 
| 114|0x000000060e400000, 0x000000060e600000, 0x000000060e600000|100%| O|  |TAMS 0x000000060e600000, 0x000000060e400000| Untracked 
| 115|0x000000060e600000, 0x000000060e800000, 0x000000060e800000|100%| O|  |TAMS 0x000000060e800000, 0x000000060e600000| Untracked 
| 116|0x000000060e800000, 0x000000060ea00000, 0x000000060ea00000|100%| O|  |TAMS 0x000000060ea00000, 0x000000060e800000| Untracked 
| 117|0x000000060ea00000, 0x000000060ec00000, 0x000000060ec00000|100%| O|  |TAMS 0x000000060ec00000, 0x000000060ea00000| Untracked 
| 118|0x000000060ec00000, 0x000000060ee00000, 0x000000060ee00000|100%| O|  |TAMS 0x000000060ee00000, 0x000000060ec00000| Untracked 
| 119|0x000000060ee00000, 0x000000060f000000, 0x000000060f000000|100%| O|  |TAMS 0x000000060f000000, 0x000000060ee00000| Untracked 
| 120|0x000000060f000000, 0x000000060f200000, 0x000000060f200000|100%| O|  |TAMS 0x000000060f200000, 0x000000060f000000| Untracked 
| 121|0x000000060f200000, 0x000000060f400000, 0x000000060f400000|100%| O|  |TAMS 0x000000060f3f0200, 0x000000060f200000| Untracked 
| 122|0x000000060f400000, 0x000000060f600000, 0x000000060f600000|100%| O|  |TAMS 0x000000060f400000, 0x000000060f400000| Untracked 
| 123|0x000000060f600000, 0x000000060f800000, 0x000000060f800000|100%| O|  |TAMS 0x000000060f600000, 0x000000060f600000| Untracked 
| 124|0x000000060f800000, 0x000000060fa00000, 0x000000060fa00000|100%| O|  |TAMS 0x000000060f800000, 0x000000060f800000| Untracked 
| 125|0x000000060fa00000, 0x000000060fc00000, 0x000000060fc00000|100%| O|  |TAMS 0x000000060fa00000, 0x000000060fa00000| Untracked 
| 126|0x000000060fc00000, 0x000000060fe00000, 0x000000060fe00000|100%| O|  |TAMS 0x000000060fc00000, 0x000000060fc00000| Untracked 
| 127|0x000000060fe00000, 0x0000000610000000, 0x0000000610000000|100%| O|  |TAMS 0x000000060fe00000, 0x000000060fe00000| Untracked 
| 128|0x0000000610000000, 0x0000000610200000, 0x0000000610200000|100%| O|  |TAMS 0x0000000610000000, 0x0000000610000000| Untracked 
| 129|0x0000000610200000, 0x0000000610400000, 0x0000000610400000|100%| O|  |TAMS 0x0000000610400000, 0x0000000610200000| Untracked 
| 130|0x0000000610400000, 0x0000000610600000, 0x0000000610600000|100%| O|  |TAMS 0x0000000610600000, 0x0000000610400000| Untracked 
| 131|0x0000000610600000, 0x0000000610800000, 0x0000000610800000|100%| O|  |TAMS 0x0000000610800000, 0x0000000610600000| Untracked 
| 132|0x0000000610800000, 0x0000000610a00000, 0x0000000610a00000|100%| O|  |TAMS 0x0000000610a00000, 0x0000000610800000| Untracked 
| 133|0x0000000610a00000, 0x0000000610c00000, 0x0000000610c00000|100%| O|  |TAMS 0x0000000610c00000, 0x0000000610a00000| Untracked 
| 134|0x0000000610c00000, 0x0000000610e00000, 0x0000000610e00000|100%| O|  |TAMS 0x0000000610e00000, 0x0000000610c00000| Untracked 
| 135|0x0000000610e00000, 0x0000000611000000, 0x0000000611000000|100%| O|  |TAMS 0x0000000611000000, 0x0000000610e00000| Untracked 
| 136|0x0000000611000000, 0x0000000611200000, 0x0000000611200000|100%| O|  |TAMS 0x0000000611200000, 0x0000000611000000| Untracked 
| 137|0x0000000611200000, 0x0000000611400000, 0x0000000611400000|100%| O|  |TAMS 0x0000000611400000, 0x0000000611200000| Untracked 
| 138|0x0000000611400000, 0x0000000611600000, 0x0000000611600000|100%| O|  |TAMS 0x0000000611600000, 0x0000000611400000| Untracked 
| 139|0x0000000611600000, 0x0000000611800000, 0x0000000611800000|100%| O|  |TAMS 0x0000000611800000, 0x0000000611600000| Untracked 
| 140|0x0000000611800000, 0x0000000611a00000, 0x0000000611a00000|100%| O|  |TAMS 0x0000000611a00000, 0x0000000611800000| Untracked 
| 141|0x0000000611a00000, 0x0000000611c00000, 0x0000000611c00000|100%| O|  |TAMS 0x0000000611c00000, 0x0000000611a00000| Untracked 
| 142|0x0000000611c00000, 0x0000000611e00000, 0x0000000611e00000|100%| O|  |TAMS 0x0000000611e00000, 0x0000000611c00000| Untracked 
| 143|0x0000000611e00000, 0x0000000611fc7600, 0x0000000612000000| 88%| O|  |TAMS 0x0000000611e00000, 0x0000000611e00000| Untracked 
| 144|0x0000000612000000, 0x0000000612000000, 0x0000000612200000|  0%| F|  |TAMS 0x0000000612000000, 0x0000000612000000| Untracked 
| 145|0x0000000612200000, 0x0000000612200000, 0x0000000612400000|  0%| F|  |TAMS 0x0000000612200000, 0x0000000612200000| Untracked 
| 146|0x0000000612400000, 0x0000000612400000, 0x0000000612600000|  0%| F|  |TAMS 0x0000000612400000, 0x0000000612400000| Untracked 
| 147|0x0000000612600000, 0x0000000612600000, 0x0000000612800000|  0%| F|  |TAMS 0x0000000612600000, 0x0000000612600000| Untracked 
| 148|0x0000000612800000, 0x0000000612800000, 0x0000000612a00000|  0%| F|  |TAMS 0x0000000612800000, 0x0000000612800000| Untracked 
| 149|0x0000000612a00000, 0x0000000612a00000, 0x0000000612c00000|  0%| F|  |TAMS 0x0000000612a00000, 0x0000000612a00000| Untracked 
| 150|0x0000000612c00000, 0x0000000612c00000, 0x0000000612e00000|  0%| F|  |TAMS 0x0000000612c00000, 0x0000000612c00000| Untracked 
| 151|0x0000000612e00000, 0x0000000612e00000, 0x0000000613000000|  0%| F|  |TAMS 0x0000000612e00000, 0x0000000612e00000| Untracked 
| 152|0x0000000613000000, 0x0000000613000000, 0x0000000613200000|  0%| F|  |TAMS 0x0000000613000000, 0x0000000613000000| Untracked 
| 153|0x0000000613200000, 0x0000000613200000, 0x0000000613400000|  0%| F|  |TAMS 0x0000000613200000, 0x0000000613200000| Untracked 
| 154|0x0000000613400000, 0x0000000613400000, 0x0000000613600000|  0%| F|  |TAMS 0x0000000613400000, 0x0000000613400000| Untracked 
| 155|0x0000000613600000, 0x0000000613600000, 0x0000000613800000|  0%| F|  |TAMS 0x0000000613600000, 0x0000000613600000| Untracked 
| 156|0x0000000613800000, 0x0000000613800000, 0x0000000613a00000|  0%| F|  |TAMS 0x0000000613800000, 0x0000000613800000| Untracked 
| 157|0x0000000613a00000, 0x0000000613a00000, 0x0000000613c00000|  0%| F|  |TAMS 0x0000000613a00000, 0x0000000613a00000| Untracked 
| 158|0x0000000613c00000, 0x0000000613c00000, 0x0000000613e00000|  0%| F|  |TAMS 0x0000000613c00000, 0x0000000613c00000| Untracked 
| 159|0x0000000613e00000, 0x0000000613e00000, 0x0000000614000000|  0%| F|  |TAMS 0x0000000613e00000, 0x0000000613e00000| Untracked 
| 160|0x0000000614000000, 0x0000000614000000, 0x0000000614200000|  0%| F|  |TAMS 0x0000000614000000, 0x0000000614000000| Untracked 
| 161|0x0000000614200000, 0x0000000614200000, 0x0000000614400000|  0%| F|  |TAMS 0x0000000614200000, 0x0000000614200000| Untracked 
| 162|0x0000000614400000, 0x0000000614400000, 0x0000000614600000|  0%| F|  |TAMS 0x0000000614400000, 0x0000000614400000| Untracked 
| 163|0x0000000614600000, 0x0000000614600000, 0x0000000614800000|  0%| F|  |TAMS 0x0000000614600000, 0x0000000614600000| Untracked 
| 164|0x0000000614800000, 0x0000000614800000, 0x0000000614a00000|  0%| F|  |TAMS 0x0000000614800000, 0x0000000614800000| Untracked 
| 165|0x0000000614a00000, 0x0000000614a00000, 0x0000000614c00000|  0%| F|  |TAMS 0x0000000614a00000, 0x0000000614a00000| Untracked 
| 166|0x0000000614c00000, 0x0000000614c00000, 0x0000000614e00000|  0%| F|  |TAMS 0x0000000614c00000, 0x0000000614c00000| Untracked 
| 167|0x0000000614e00000, 0x0000000614e00000, 0x0000000615000000|  0%| F|  |TAMS 0x0000000614e00000, 0x0000000614e00000| Untracked 
| 168|0x0000000615000000, 0x0000000615000000, 0x0000000615200000|  0%| F|  |TAMS 0x0000000615000000, 0x0000000615000000| Untracked 
| 169|0x0000000615200000, 0x0000000615200000, 0x0000000615400000|  0%| F|  |TAMS 0x0000000615200000, 0x0000000615200000| Untracked 
| 170|0x0000000615400000, 0x0000000615400000, 0x0000000615600000|  0%| F|  |TAMS 0x0000000615400000, 0x0000000615400000| Untracked 
| 171|0x0000000615600000, 0x0000000615600000, 0x0000000615800000|  0%| F|  |TAMS 0x0000000615600000, 0x0000000615600000| Untracked 
| 172|0x0000000615800000, 0x0000000615800000, 0x0000000615a00000|  0%| F|  |TAMS 0x0000000615800000, 0x0000000615800000| Untracked 
| 173|0x0000000615a00000, 0x0000000615a00000, 0x0000000615c00000|  0%| F|  |TAMS 0x0000000615a00000, 0x0000000615a00000| Untracked 
| 174|0x0000000615c00000, 0x0000000615c00000, 0x0000000615e00000|  0%| F|  |TAMS 0x0000000615c00000, 0x0000000615c00000| Untracked 
| 175|0x0000000615e00000, 0x0000000615e00000, 0x0000000616000000|  0%| F|  |TAMS 0x0000000615e00000, 0x0000000615e00000| Untracked 
| 176|0x0000000616000000, 0x0000000616000000, 0x0000000616200000|  0%| F|  |TAMS 0x0000000616000000, 0x0000000616000000| Untracked 
| 177|0x0000000616200000, 0x0000000616200000, 0x0000000616400000|  0%| F|  |TAMS 0x0000000616200000, 0x0000000616200000| Untracked 
| 178|0x0000000616400000, 0x0000000616400000, 0x0000000616600000|  0%| F|  |TAMS 0x0000000616400000, 0x0000000616400000| Untracked 
| 179|0x0000000616600000, 0x0000000616600000, 0x0000000616800000|  0%| F|  |TAMS 0x0000000616600000, 0x0000000616600000| Untracked 
| 180|0x0000000616800000, 0x0000000616800000, 0x0000000616a00000|  0%| F|  |TAMS 0x0000000616800000, 0x0000000616800000| Untracked 
| 181|0x0000000616a00000, 0x0000000616a00000, 0x0000000616c00000|  0%| F|  |TAMS 0x0000000616a00000, 0x0000000616a00000| Untracked 
| 182|0x0000000616c00000, 0x0000000616c00000, 0x0000000616e00000|  0%| F|  |TAMS 0x0000000616c00000, 0x0000000616c00000| Untracked 
| 183|0x0000000616e00000, 0x0000000616e00000, 0x0000000617000000|  0%| F|  |TAMS 0x0000000616e00000, 0x0000000616e00000| Untracked 
| 184|0x0000000617000000, 0x0000000617000000, 0x0000000617200000|  0%| F|  |TAMS 0x0000000617000000, 0x0000000617000000| Untracked 
| 185|0x0000000617200000, 0x0000000617200000, 0x0000000617400000|  0%| F|  |TAMS 0x0000000617200000, 0x0000000617200000| Untracked 
| 186|0x0000000617400000, 0x0000000617400000, 0x0000000617600000|  0%| F|  |TAMS 0x0000000617400000, 0x0000000617400000| Untracked 
| 187|0x0000000617600000, 0x0000000617600000, 0x0000000617800000|  0%| F|  |TAMS 0x0000000617600000, 0x0000000617600000| Untracked 
| 188|0x0000000617800000, 0x0000000617800000, 0x0000000617a00000|  0%| F|  |TAMS 0x0000000617800000, 0x0000000617800000| Untracked 
| 189|0x0000000617a00000, 0x0000000617a00000, 0x0000000617c00000|  0%| F|  |TAMS 0x0000000617a00000, 0x0000000617a00000| Untracked 
| 190|0x0000000617c00000, 0x0000000617c00000, 0x0000000617e00000|  0%| F|  |TAMS 0x0000000617c00000, 0x0000000617c00000| Untracked 
| 191|0x0000000617e00000, 0x0000000617e00000, 0x0000000618000000|  0%| F|  |TAMS 0x0000000617e00000, 0x0000000617e00000| Untracked 
| 192|0x0000000618000000, 0x0000000618000000, 0x0000000618200000|  0%| F|  |TAMS 0x0000000618000000, 0x0000000618000000| Untracked 
| 193|0x0000000618200000, 0x0000000618200000, 0x0000000618400000|  0%| F|  |TAMS 0x0000000618200000, 0x0000000618200000| Untracked 
| 194|0x0000000618400000, 0x0000000618400000, 0x0000000618600000|  0%| F|  |TAMS 0x0000000618400000, 0x0000000618400000| Untracked 
| 195|0x0000000618600000, 0x0000000618600000, 0x0000000618800000|  0%| F|  |TAMS 0x0000000618600000, 0x0000000618600000| Untracked 
| 196|0x0000000618800000, 0x0000000618800000, 0x0000000618a00000|  0%| F|  |TAMS 0x0000000618800000, 0x0000000618800000| Untracked 
| 197|0x0000000618a00000, 0x0000000618a00000, 0x0000000618c00000|  0%| F|  |TAMS 0x0000000618a00000, 0x0000000618a00000| Untracked 
| 198|0x0000000618c00000, 0x0000000618c00000, 0x0000000618e00000|  0%| F|  |TAMS 0x0000000618c00000, 0x0000000618c00000| Untracked 
| 199|0x0000000618e00000, 0x0000000618e00000, 0x0000000619000000|  0%| F|  |TAMS 0x0000000618e00000, 0x0000000618e00000| Untracked 
| 200|0x0000000619000000, 0x0000000619000000, 0x0000000619200000|  0%| F|  |TAMS 0x0000000619000000, 0x0000000619000000| Untracked 
| 201|0x0000000619200000, 0x0000000619200000, 0x0000000619400000|  0%| F|  |TAMS 0x0000000619200000, 0x0000000619200000| Untracked 
| 202|0x0000000619400000, 0x0000000619400000, 0x0000000619600000|  0%| F|  |TAMS 0x0000000619400000, 0x0000000619400000| Untracked 
| 203|0x0000000619600000, 0x0000000619600000, 0x0000000619800000|  0%| F|  |TAMS 0x0000000619600000, 0x0000000619600000| Untracked 
| 204|0x0000000619800000, 0x0000000619800000, 0x0000000619a00000|  0%| F|  |TAMS 0x0000000619800000, 0x0000000619800000| Untracked 
| 205|0x0000000619a00000, 0x0000000619a00000, 0x0000000619c00000|  0%| F|  |TAMS 0x0000000619a00000, 0x0000000619a00000| Untracked 
| 206|0x0000000619c00000, 0x0000000619c00000, 0x0000000619e00000|  0%| F|  |TAMS 0x0000000619c00000, 0x0000000619c00000| Untracked 
| 207|0x0000000619e00000, 0x0000000619e00000, 0x000000061a000000|  0%| F|  |TAMS 0x0000000619e00000, 0x0000000619e00000| Untracked 
| 208|0x000000061a000000, 0x000000061a000000, 0x000000061a200000|  0%| F|  |TAMS 0x000000061a000000, 0x000000061a000000| Untracked 
| 209|0x000000061a200000, 0x000000061a200000, 0x000000061a400000|  0%| F|  |TAMS 0x000000061a200000, 0x000000061a200000| Untracked 
| 210|0x000000061a400000, 0x000000061a400000, 0x000000061a600000|  0%| F|  |TAMS 0x000000061a400000, 0x000000061a400000| Untracked 
| 211|0x000000061a600000, 0x000000061a600000, 0x000000061a800000|  0%| F|  |TAMS 0x000000061a600000, 0x000000061a600000| Untracked 
| 212|0x000000061a800000, 0x000000061a800000, 0x000000061aa00000|  0%| F|  |TAMS 0x000000061a800000, 0x000000061a800000| Untracked 
| 213|0x000000061aa00000, 0x000000061aa00000, 0x000000061ac00000|  0%| F|  |TAMS 0x000000061aa00000, 0x000000061aa00000| Untracked 
| 214|0x000000061ac00000, 0x000000061ac00000, 0x000000061ae00000|  0%| F|  |TAMS 0x000000061ac00000, 0x000000061ac00000| Untracked 
| 215|0x000000061ae00000, 0x000000061ae00000, 0x000000061b000000|  0%| F|  |TAMS 0x000000061ae00000, 0x000000061ae00000| Untracked 
| 216|0x000000061b000000, 0x000000061b000000, 0x000000061b200000|  0%| F|  |TAMS 0x000000061b000000, 0x000000061b000000| Untracked 
| 217|0x000000061b200000, 0x000000061b200000, 0x000000061b400000|  0%| F|  |TAMS 0x000000061b200000, 0x000000061b200000| Untracked 
| 218|0x000000061b400000, 0x000000061b400000, 0x000000061b600000|  0%| F|  |TAMS 0x000000061b400000, 0x000000061b400000| Untracked 
| 219|0x000000061b600000, 0x000000061b600000, 0x000000061b800000|  0%| F|  |TAMS 0x000000061b600000, 0x000000061b600000| Untracked 
| 220|0x000000061b800000, 0x000000061b800000, 0x000000061ba00000|  0%| F|  |TAMS 0x000000061b800000, 0x000000061b800000| Untracked 
| 221|0x000000061ba00000, 0x000000061ba00000, 0x000000061bc00000|  0%| F|  |TAMS 0x000000061ba00000, 0x000000061ba00000| Untracked 
| 222|0x000000061bc00000, 0x000000061bc00000, 0x000000061be00000|  0%| F|  |TAMS 0x000000061bc00000, 0x000000061bc00000| Untracked 
| 223|0x000000061be00000, 0x000000061be00000, 0x000000061c000000|  0%| F|  |TAMS 0x000000061be00000, 0x000000061be00000| Untracked 
| 224|0x000000061c000000, 0x000000061c000000, 0x000000061c200000|  0%| F|  |TAMS 0x000000061c000000, 0x000000061c000000| Untracked 
| 225|0x000000061c200000, 0x000000061c200000, 0x000000061c400000|  0%| F|  |TAMS 0x000000061c200000, 0x000000061c200000| Untracked 
| 226|0x000000061c400000, 0x000000061c400000, 0x000000061c600000|  0%| F|  |TAMS 0x000000061c400000, 0x000000061c400000| Untracked 
| 227|0x000000061c600000, 0x000000061c600000, 0x000000061c800000|  0%| F|  |TAMS 0x000000061c600000, 0x000000061c600000| Untracked 
| 228|0x000000061c800000, 0x000000061c800000, 0x000000061ca00000|  0%| F|  |TAMS 0x000000061c800000, 0x000000061c800000| Untracked 
| 229|0x000000061ca00000, 0x000000061ca00000, 0x000000061cc00000|  0%| F|  |TAMS 0x000000061ca00000, 0x000000061ca00000| Untracked 
| 230|0x000000061cc00000, 0x000000061cc00000, 0x000000061ce00000|  0%| F|  |TAMS 0x000000061cc00000, 0x000000061cc00000| Untracked 
| 231|0x000000061ce00000, 0x000000061ce00000, 0x000000061d000000|  0%| F|  |TAMS 0x000000061ce00000, 0x000000061ce00000| Untracked 
| 232|0x000000061d000000, 0x000000061d000000, 0x000000061d200000|  0%| F|  |TAMS 0x000000061d000000, 0x000000061d000000| Untracked 
| 233|0x000000061d200000, 0x000000061d200000, 0x000000061d400000|  0%| F|  |TAMS 0x000000061d200000, 0x000000061d200000| Untracked 
| 234|0x000000061d400000, 0x000000061d400000, 0x000000061d600000|  0%| F|  |TAMS 0x000000061d400000, 0x000000061d400000| Untracked 
| 235|0x000000061d600000, 0x000000061d600000, 0x000000061d800000|  0%| F|  |TAMS 0x000000061d600000, 0x000000061d600000| Untracked 
| 236|0x000000061d800000, 0x000000061d800000, 0x000000061da00000|  0%| F|  |TAMS 0x000000061d800000, 0x000000061d800000| Untracked 
| 237|0x000000061da00000, 0x000000061da00000, 0x000000061dc00000|  0%| F|  |TAMS 0x000000061da00000, 0x000000061da00000| Untracked 
| 238|0x000000061dc00000, 0x000000061dc00000, 0x000000061de00000|  0%| F|  |TAMS 0x000000061dc00000, 0x000000061dc00000| Untracked 
| 239|0x000000061de00000, 0x000000061de00000, 0x000000061e000000|  0%| F|  |TAMS 0x000000061de00000, 0x000000061de00000| Untracked 
| 240|0x000000061e000000, 0x000000061e000000, 0x000000061e200000|  0%| F|  |TAMS 0x000000061e000000, 0x000000061e000000| Untracked 
| 241|0x000000061e200000, 0x000000061e200000, 0x000000061e400000|  0%| F|  |TAMS 0x000000061e200000, 0x000000061e200000| Untracked 
| 242|0x000000061e400000, 0x000000061e400000, 0x000000061e600000|  0%| F|  |TAMS 0x000000061e400000, 0x000000061e400000| Untracked 
| 243|0x000000061e600000, 0x000000061e600000, 0x000000061e800000|  0%| F|  |TAMS 0x000000061e600000, 0x000000061e600000| Untracked 
| 244|0x000000061e800000, 0x000000061e800000, 0x000000061ea00000|  0%| F|  |TAMS 0x000000061e800000, 0x000000061e800000| Untracked 
| 245|0x000000061ea00000, 0x000000061ea00000, 0x000000061ec00000|  0%| F|  |TAMS 0x000000061ea00000, 0x000000061ea00000| Untracked 
| 246|0x000000061ec00000, 0x000000061ec00000, 0x000000061ee00000|  0%| F|  |TAMS 0x000000061ec00000, 0x000000061ec00000| Untracked 
| 247|0x000000061ee00000, 0x000000061ef01268, 0x000000061f000000| 50%| E|  |TAMS 0x000000061ee00000, 0x000000061ee00000| Complete 
| 248|0x000000061f000000, 0x000000061f200000, 0x000000061f200000|100%| E|CS|TAMS 0x000000061f000000, 0x000000061f000000| Complete 
| 249|0x000000061f200000, 0x000000061f400000, 0x000000061f400000|100%| E|CS|TAMS 0x000000061f200000, 0x000000061f200000| Complete 
| 250|0x000000061f400000, 0x000000061f600000, 0x000000061f600000|100%| E|CS|TAMS 0x000000061f400000, 0x000000061f400000| Complete 
| 251|0x000000061f600000, 0x000000061f800000, 0x000000061f800000|100%| E|CS|TAMS 0x000000061f600000, 0x000000061f600000| Complete 
| 252|0x000000061f800000, 0x000000061fa00000, 0x000000061fa00000|100%| E|CS|TAMS 0x000000061f800000, 0x000000061f800000| Complete 
| 253|0x000000061fa00000, 0x000000061fc00000, 0x000000061fc00000|100%| E|CS|TAMS 0x000000061fa00000, 0x000000061fa00000| Complete 
| 254|0x000000061fc00000, 0x000000061fe00000, 0x000000061fe00000|100%| E|CS|TAMS 0x000000061fc00000, 0x000000061fc00000| Complete 
| 255|0x000000061fe00000, 0x0000000620000000, 0x0000000620000000|100%| E|CS|TAMS 0x000000061fe00000, 0x000000061fe00000| Complete 
| 256|0x0000000620000000, 0x0000000620200000, 0x0000000620200000|100%| E|CS|TAMS 0x0000000620000000, 0x0000000620000000| Complete 
| 257|0x0000000620200000, 0x0000000620400000, 0x0000000620400000|100%| E|CS|TAMS 0x0000000620200000, 0x0000000620200000| Complete 
| 258|0x0000000620400000, 0x0000000620600000, 0x0000000620600000|100%| E|CS|TAMS 0x0000000620400000, 0x0000000620400000| Complete 
| 259|0x0000000620600000, 0x0000000620800000, 0x0000000620800000|100%| E|CS|TAMS 0x0000000620600000, 0x0000000620600000| Complete 
| 260|0x0000000620800000, 0x0000000620a00000, 0x0000000620a00000|100%| E|CS|TAMS 0x0000000620800000, 0x0000000620800000| Complete 
| 261|0x0000000620a00000, 0x0000000620c00000, 0x0000000620c00000|100%| E|CS|TAMS 0x0000000620a00000, 0x0000000620a00000| Complete 
| 262|0x0000000620c00000, 0x0000000620e00000, 0x0000000620e00000|100%| E|CS|TAMS 0x0000000620c00000, 0x0000000620c00000| Complete 
| 263|0x0000000620e00000, 0x0000000621000000, 0x0000000621000000|100%| E|CS|TAMS 0x0000000620e00000, 0x0000000620e00000| Complete 
| 264|0x0000000621000000, 0x0000000621200000, 0x0000000621200000|100%| E|CS|TAMS 0x0000000621000000, 0x0000000621000000| Complete 
| 265|0x0000000621200000, 0x0000000621400000, 0x0000000621400000|100%| E|CS|TAMS 0x0000000621200000, 0x0000000621200000| Complete 
| 266|0x0000000621400000, 0x0000000621600000, 0x0000000621600000|100%| E|CS|TAMS 0x0000000621400000, 0x0000000621400000| Complete 
| 267|0x0000000621600000, 0x0000000621800000, 0x0000000621800000|100%| E|CS|TAMS 0x0000000621600000, 0x0000000621600000| Complete 
| 268|0x0000000621800000, 0x0000000621a00000, 0x0000000621a00000|100%| E|CS|TAMS 0x0000000621800000, 0x0000000621800000| Complete 
| 269|0x0000000621a00000, 0x0000000621c00000, 0x0000000621c00000|100%| E|CS|TAMS 0x0000000621a00000, 0x0000000621a00000| Complete 
| 270|0x0000000621c00000, 0x0000000621e00000, 0x0000000621e00000|100%| E|CS|TAMS 0x0000000621c00000, 0x0000000621c00000| Complete 
| 271|0x0000000621e00000, 0x0000000622000000, 0x0000000622000000|100%| E|CS|TAMS 0x0000000621e00000, 0x0000000621e00000| Complete 
| 272|0x0000000622000000, 0x0000000622200000, 0x0000000622200000|100%| E|CS|TAMS 0x0000000622000000, 0x0000000622000000| Complete 
| 273|0x0000000622200000, 0x0000000622400000, 0x0000000622400000|100%| E|CS|TAMS 0x0000000622200000, 0x0000000622200000| Complete 
| 274|0x0000000622400000, 0x0000000622600000, 0x0000000622600000|100%| E|CS|TAMS 0x0000000622400000, 0x0000000622400000| Complete 
| 275|0x0000000622600000, 0x0000000622800000, 0x0000000622800000|100%| E|CS|TAMS 0x0000000622600000, 0x0000000622600000| Complete 
| 276|0x0000000622800000, 0x0000000622a00000, 0x0000000622a00000|100%| E|CS|TAMS 0x0000000622800000, 0x0000000622800000| Complete 
| 277|0x0000000622a00000, 0x0000000622c00000, 0x0000000622c00000|100%| E|CS|TAMS 0x0000000622a00000, 0x0000000622a00000| Complete 
| 278|0x0000000622c00000, 0x0000000622e00000, 0x0000000622e00000|100%| E|CS|TAMS 0x0000000622c00000, 0x0000000622c00000| Complete 
| 279|0x0000000622e00000, 0x0000000623000000, 0x0000000623000000|100%| E|CS|TAMS 0x0000000622e00000, 0x0000000622e00000| Complete 
| 280|0x0000000623000000, 0x0000000623200000, 0x0000000623200000|100%| E|CS|TAMS 0x0000000623000000, 0x0000000623000000| Complete 
| 281|0x0000000623200000, 0x0000000623400000, 0x0000000623400000|100%| E|CS|TAMS 0x0000000623200000, 0x0000000623200000| Complete 
| 282|0x0000000623400000, 0x0000000623600000, 0x0000000623600000|100%| E|CS|TAMS 0x0000000623400000, 0x0000000623400000| Complete 
| 283|0x0000000623600000, 0x0000000623800000, 0x0000000623800000|100%| E|CS|TAMS 0x0000000623600000, 0x0000000623600000| Complete 
| 284|0x0000000623800000, 0x0000000623a00000, 0x0000000623a00000|100%| E|CS|TAMS 0x0000000623800000, 0x0000000623800000| Complete 
| 285|0x0000000623a00000, 0x0000000623c00000, 0x0000000623c00000|100%| E|CS|TAMS 0x0000000623a00000, 0x0000000623a00000| Complete 
| 286|0x0000000623c00000, 0x0000000623e00000, 0x0000000623e00000|100%| E|CS|TAMS 0x0000000623c00000, 0x0000000623c00000| Complete 
| 287|0x0000000623e00000, 0x0000000624000000, 0x0000000624000000|100%| E|CS|TAMS 0x0000000623e00000, 0x0000000623e00000| Complete 
| 288|0x0000000624000000, 0x0000000624200000, 0x0000000624200000|100%| E|CS|TAMS 0x0000000624000000, 0x0000000624000000| Complete 
| 289|0x0000000624200000, 0x0000000624400000, 0x0000000624400000|100%| E|CS|TAMS 0x0000000624200000, 0x0000000624200000| Complete 
| 290|0x0000000624400000, 0x0000000624600000, 0x0000000624600000|100%| E|CS|TAMS 0x0000000624400000, 0x0000000624400000| Complete 
| 291|0x0000000624600000, 0x0000000624800000, 0x0000000624800000|100%| E|CS|TAMS 0x0000000624600000, 0x0000000624600000| Complete 
| 292|0x0000000624800000, 0x0000000624a00000, 0x0000000624a00000|100%| E|CS|TAMS 0x0000000624800000, 0x0000000624800000| Complete 
| 293|0x0000000624a00000, 0x0000000624c00000, 0x0000000624c00000|100%| E|CS|TAMS 0x0000000624a00000, 0x0000000624a00000| Complete 
| 294|0x0000000624c00000, 0x0000000624e00000, 0x0000000624e00000|100%| E|CS|TAMS 0x0000000624c00000, 0x0000000624c00000| Complete 
| 295|0x0000000624e00000, 0x0000000625000000, 0x0000000625000000|100%| E|CS|TAMS 0x0000000624e00000, 0x0000000624e00000| Complete 
| 296|0x0000000625000000, 0x0000000625200000, 0x0000000625200000|100%| E|CS|TAMS 0x0000000625000000, 0x0000000625000000| Complete 
| 297|0x0000000625200000, 0x0000000625400000, 0x0000000625400000|100%| E|CS|TAMS 0x0000000625200000, 0x0000000625200000| Complete 
| 298|0x0000000625400000, 0x0000000625600000, 0x0000000625600000|100%| E|CS|TAMS 0x0000000625400000, 0x0000000625400000| Complete 
| 299|0x0000000625600000, 0x0000000625800000, 0x0000000625800000|100%| E|CS|TAMS 0x0000000625600000, 0x0000000625600000| Complete 
| 300|0x0000000625800000, 0x0000000625a00000, 0x0000000625a00000|100%| E|CS|TAMS 0x0000000625800000, 0x0000000625800000| Complete 
| 301|0x0000000625a00000, 0x0000000625c00000, 0x0000000625c00000|100%| E|CS|TAMS 0x0000000625a00000, 0x0000000625a00000| Complete 
| 302|0x0000000625c00000, 0x0000000625e00000, 0x0000000625e00000|100%| E|CS|TAMS 0x0000000625c00000, 0x0000000625c00000| Complete 
| 303|0x0000000625e00000, 0x0000000626000000, 0x0000000626000000|100%| E|CS|TAMS 0x0000000625e00000, 0x0000000625e00000| Complete 
| 304|0x0000000626000000, 0x0000000626200000, 0x0000000626200000|100%| E|CS|TAMS 0x0000000626000000, 0x0000000626000000| Complete 
| 305|0x0000000626200000, 0x0000000626400000, 0x0000000626400000|100%| E|CS|TAMS 0x0000000626200000, 0x0000000626200000| Complete 
| 306|0x0000000626400000, 0x0000000626600000, 0x0000000626600000|100%| E|CS|TAMS 0x0000000626400000, 0x0000000626400000| Complete 
| 307|0x0000000626600000, 0x0000000626800000, 0x0000000626800000|100%| E|CS|TAMS 0x0000000626600000, 0x0000000626600000| Complete 
| 308|0x0000000626800000, 0x0000000626a00000, 0x0000000626a00000|100%| E|CS|TAMS 0x0000000626800000, 0x0000000626800000| Complete 
| 309|0x0000000626a00000, 0x0000000626c00000, 0x0000000626c00000|100%| E|CS|TAMS 0x0000000626a00000, 0x0000000626a00000| Complete 
| 310|0x0000000626c00000, 0x0000000626e00000, 0x0000000626e00000|100%| E|CS|TAMS 0x0000000626c00000, 0x0000000626c00000| Complete 
| 311|0x0000000626e00000, 0x0000000627000000, 0x0000000627000000|100%| E|CS|TAMS 0x0000000626e00000, 0x0000000626e00000| Complete 
| 312|0x0000000627000000, 0x0000000627200000, 0x0000000627200000|100%| E|CS|TAMS 0x0000000627000000, 0x0000000627000000| Complete 
| 313|0x0000000627200000, 0x0000000627400000, 0x0000000627400000|100%| E|CS|TAMS 0x0000000627200000, 0x0000000627200000| Complete 
| 314|0x0000000627400000, 0x0000000627600000, 0x0000000627600000|100%| E|CS|TAMS 0x0000000627400000, 0x0000000627400000| Complete 
| 315|0x0000000627600000, 0x0000000627800000, 0x0000000627800000|100%| E|CS|TAMS 0x0000000627600000, 0x0000000627600000| Complete 
| 316|0x0000000627800000, 0x0000000627a00000, 0x0000000627a00000|100%| E|CS|TAMS 0x0000000627800000, 0x0000000627800000| Complete 
| 317|0x0000000627a00000, 0x0000000627c00000, 0x0000000627c00000|100%| E|CS|TAMS 0x0000000627a00000, 0x0000000627a00000| Complete 
| 318|0x0000000627c00000, 0x0000000627e00000, 0x0000000627e00000|100%| E|CS|TAMS 0x0000000627c00000, 0x0000000627c00000| Complete 
| 319|0x0000000627e00000, 0x0000000628000000, 0x0000000628000000|100%| E|CS|TAMS 0x0000000627e00000, 0x0000000627e00000| Complete 
| 320|0x0000000628000000, 0x0000000628200000, 0x0000000628200000|100%| E|CS|TAMS 0x0000000628000000, 0x0000000628000000| Complete 
| 321|0x0000000628200000, 0x0000000628400000, 0x0000000628400000|100%| E|CS|TAMS 0x0000000628200000, 0x0000000628200000| Complete 
| 322|0x0000000628400000, 0x0000000628600000, 0x0000000628600000|100%| E|CS|TAMS 0x0000000628400000, 0x0000000628400000| Complete 
| 323|0x0000000628600000, 0x0000000628800000, 0x0000000628800000|100%| E|CS|TAMS 0x0000000628600000, 0x0000000628600000| Complete 
| 324|0x0000000628800000, 0x0000000628a00000, 0x0000000628a00000|100%| E|CS|TAMS 0x0000000628800000, 0x0000000628800000| Complete 
| 325|0x0000000628a00000, 0x0000000628c00000, 0x0000000628c00000|100%| E|CS|TAMS 0x0000000628a00000, 0x0000000628a00000| Complete 
| 326|0x0000000628c00000, 0x0000000628e00000, 0x0000000628e00000|100%| E|CS|TAMS 0x0000000628c00000, 0x0000000628c00000| Complete 
| 327|0x0000000628e00000, 0x0000000629000000, 0x0000000629000000|100%| E|CS|TAMS 0x0000000628e00000, 0x0000000628e00000| Complete 
| 328|0x0000000629000000, 0x0000000629200000, 0x0000000629200000|100%| E|CS|TAMS 0x0000000629000000, 0x0000000629000000| Complete 
| 329|0x0000000629200000, 0x0000000629320010, 0x0000000629400000| 56%| S|CS|TAMS 0x0000000629200000, 0x0000000629200000| Complete 
| 330|0x0000000629400000, 0x0000000629600000, 0x0000000629600000|100%| S|CS|TAMS 0x0000000629400000, 0x0000000629400000| Complete 
| 331|0x0000000629600000, 0x0000000629800000, 0x0000000629800000|100%| E|CS|TAMS 0x0000000629600000, 0x0000000629600000| Complete 
| 332|0x0000000629800000, 0x0000000629a00000, 0x0000000629a00000|100%| E|CS|TAMS 0x0000000629800000, 0x0000000629800000| Complete 
| 333|0x0000000629a00000, 0x0000000629c00000, 0x0000000629c00000|100%| E|CS|TAMS 0x0000000629a00000, 0x0000000629a00000| Complete 

Card table byte_map: [0x000001aaf3a70000,0x000001aaf4a70000] _byte_map_base: 0x000001aaf0a70000

Marking Bits (Prev, Next): (CMBitMap*) 0x000001aadb38a848, (CMBitMap*) 0x000001aadb38a880
 Prev Bits: [0x000001aaf5a70000, 0x000001aafda70000)
 Next Bits: [0x000001aa80000000, 0x000001aa88000000)

Polling page: 0x000001aad90f0000

Metaspace:

Usage:
  Non-class:     82.92 MB capacity,    80.74 MB ( 97%) used,     1.81 MB (  2%) free+waste,   372.56 KB ( <1%) overhead. 
      Class:     10.57 MB capacity,     9.23 MB ( 87%) used,     1.18 MB ( 11%) free+waste,   168.50 KB (  2%) overhead. 
       Both:     93.49 MB capacity,    89.97 MB ( 96%) used,     2.98 MB (  3%) free+waste,   541.06 KB ( <1%) overhead. 

Virtual space:
  Non-class space:       84.00 MB reserved,      83.00 MB ( 99%) committed 
      Class space:        1.00 GB reserved,      10.63 MB (  1%) committed 
             Both:        1.08 GB reserved,      93.63 MB (  8%) committed 

Chunk freelists:
   Non-Class:  23.00 KB
       Class:  22.00 KB
        Both:  45.00 KB

MaxMetaspaceSize: 17179869184.00 GB
CompressedClassSpaceSize: 1.00 GB
Initial GC threshold: 20.80 MB
Current GC threshold: 153.75 MB
CDS: off

CodeHeap 'non-profiled nmethods': size=120064Kb used=10848Kb max_used=10848Kb free=109215Kb
 bounds [0x000001aaeb530000, 0x000001aaebfd0000, 0x000001aaf2a70000]
CodeHeap 'profiled nmethods': size=120000Kb used=38523Kb max_used=38523Kb free=81476Kb
 bounds [0x000001aae4000000, 0x000001aae65e0000, 0x000001aaeb530000]
CodeHeap 'non-nmethods': size=5696Kb used=2184Kb max_used=2254Kb free=3511Kb
 bounds [0x000001aae3a70000, 0x000001aae3ce0000, 0x000001aae4000000]
 total_blobs=13636 nmethods=11990 adapters=1565
 compilation: enabled
              stopped_count=0, restarted_count=0
 full_count=0

Compilation events (20 events):
Event: 38.771 Thread 0x000001aa8893f000 13703   !   2       com.sun.proxy.$Proxy74::smoothBanding (32 bytes)
Event: 38.771 Thread 0x000001aa8893f000 nmethod 13703 0x000001aae53a2390 code [0x000001aae53a2580, 0x000001aae53a2898]
Event: 38.775 Thread 0x000001aa88935000 nmethod 13684 0x000001aaebfb4290 code [0x000001aaebfb4480, 0x000001aaebfb6698]
Event: 38.775 Thread 0x000001aa88935000 13673 %     4       jn::jm @ 70 (464 bytes)
Event: 38.795 Thread 0x000001aa8893f000 13704   !   2       tu::av (88 bytes)
Event: 38.796 Thread 0x000001aa8893f000 nmethod 13704 0x000001aae53a1710 code [0x000001aae53a1960, 0x000001aae53a1fb8]
Event: 38.796 Thread 0x000001aa8893f000 13705   !   2       bl::og (88 bytes)
Event: 38.797 Thread 0x000001aa8893f000 nmethod 13705 0x000001aae5498010 code [0x000001aae5498260, 0x000001aae5498898]
Event: 38.797 Thread 0x000001aa8893f000 13706       2       uq::la (7 bytes)
Event: 38.797 Thread 0x000001aa8893f000 nmethod 13706 0x000001aae545db90 code [0x000001aae545dd40, 0x000001aae545de48]
Event: 38.797 Thread 0x000001aa8893f000 13707       2       client::getDBTableField (128 bytes)
Event: 38.797 Thread 0x000001aa8893f000 nmethod 13707 0x000001aae5497290 code [0x000001aae54974a0, 0x000001aae5497af8]
Event: 38.814 Thread 0x000001aa8893f000 13708   !   3       sun.java2d.pipe.AAShapePipe::renderTiles (314 bytes)
Event: 38.815 Thread 0x000001aa8893f000 nmethod 13708 0x000001aae5064810 code [0x000001aae5064b60, 0x000001aae5066238]
Event: 38.816 Thread 0x000001aa88935000 nmethod 13673% 0x000001aaebfb7c90 code [0x000001aaebfb7e80, 0x000001aaebfb9ab8]
Event: 38.816 Thread 0x000001aa88935000 13687 %     4       sun.java2d.marlin.MarlinTileGenerator::getAlphaRLE @ 1249 (1749 bytes)
Event: 38.819 Thread 0x000001aa8893f000 13709       2       client::getDBRowsByValue (58 bytes)
Event: 38.819 Thread 0x000001aa8893f000 nmethod 13709 0x000001aae4505290 code [0x000001aae45054c0, 0x000001aae4505c08]
Event: 38.858 Thread 0x000001aa88935000 nmethod 13687% 0x000001aaebfba410 code [0x000001aaebfba620, 0x000001aaebfbcae8]
Event: 38.858 Thread 0x000001aa88935000 13710       4       jn::jm (464 bytes)

GC Heap History (20 events):
Event: 23.753 GC heap before
{Heap before GC invocations=22 (full 0):
 garbage-first heap   total 569344K, used 470431K [0x0000000600000000, 0x0000000800000000)
  region size 2048K, 140 young (286720K), 1 survivors (2048K)
 Metaspace       used 87318K, capacity 90665K, committed 90880K, reserved 1130496K
  class space    used 9193K, capacity 10443K, committed 10496K, reserved 1048576K
}
Event: 23.755 GC heap after
{Heap after GC invocations=23 (full 0):
 garbage-first heap   total 569344K, used 185737K [0x0000000600000000, 0x0000000800000000)
  region size 2048K, 1 young (2048K), 1 survivors (2048K)
 Metaspace       used 87318K, capacity 90665K, committed 90880K, reserved 1130496K
  class space    used 9193K, capacity 10443K, committed 10496K, reserved 1048576K
}
Event: 24.067 GC heap before
{Heap before GC invocations=23 (full 0):
 garbage-first heap   total 569344K, used 478601K [0x0000000600000000, 0x0000000800000000)
  region size 2048K, 144 young (294912K), 1 survivors (2048K)
 Metaspace       used 87318K, capacity 90665K, committed 90880K, reserved 1130496K
  class space    used 9193K, capacity 10443K, committed 10496K, reserved 1048576K
}
Event: 24.069 GC heap after
{Heap after GC invocations=24 (full 0):
 garbage-first heap   total 569344K, used 185737K [0x0000000600000000, 0x0000000800000000)
  region size 2048K, 1 young (2048K), 1 survivors (2048K)
 Metaspace       used 87318K, capacity 90665K, committed 90880K, reserved 1130496K
  class space    used 9193K, capacity 10443K, committed 10496K, reserved 1048576K
}
Event: 24.385 GC heap before
{Heap before GC invocations=24 (full 0):
 garbage-first heap   total 569344K, used 484745K [0x0000000600000000, 0x0000000800000000)
  region size 2048K, 147 young (301056K), 1 survivors (2048K)
 Metaspace       used 87319K, capacity 90665K, committed 90880K, reserved 1130496K
  class space    used 9193K, capacity 10443K, committed 10496K, reserved 1048576K
}
Event: 24.387 GC heap after
{Heap after GC invocations=25 (full 0):
 garbage-first heap   total 569344K, used 185732K [0x0000000600000000, 0x0000000800000000)
  region size 2048K, 1 young (2048K), 1 survivors (2048K)
 Metaspace       used 87319K, capacity 90665K, committed 90880K, reserved 1130496K
  class space    used 9193K, capacity 10443K, committed 10496K, reserved 1048576K
}
Event: 30.741 GC heap before
{Heap before GC invocations=25 (full 0):
 garbage-first heap   total 569344K, used 513412K [0x0000000600000000, 0x0000000800000000)
  region size 2048K, 149 young (305152K), 1 survivors (2048K)
 Metaspace       used 90431K, capacity 93994K, committed 94208K, reserved 1132544K
  class space    used 9393K, capacity 10751K, committed 10752K, reserved 1048576K
}
Event: 30.763 GC heap after
{Heap after GC invocations=26 (full 0):
 garbage-first heap   total 569344K, used 252520K [0x0000000600000000, 0x0000000800000000)
  region size 2048K, 19 young (38912K), 19 survivors (38912K)
 Metaspace       used 90431K, capacity 93994K, committed 94208K, reserved 1132544K
  class space    used 9393K, capacity 10751K, committed 10752K, reserved 1048576K
}
Event: 31.301 GC heap before
{Heap before GC invocations=26 (full 0):
 garbage-first heap   total 569344K, used 463464K [0x0000000600000000, 0x0000000800000000)
  region size 2048K, 122 young (249856K), 19 survivors (38912K)
 Metaspace       used 90544K, capacity 94065K, committed 94208K, reserved 1132544K
  class space    used 9394K, capacity 10752K, committed 10752K, reserved 1048576K
}
Event: 31.339 GC heap after
{Heap after GC invocations=27 (full 0):
 garbage-first heap   total 569344K, used 265064K [0x0000000600000000, 0x0000000800000000)
  region size 2048K, 7 young (14336K), 7 survivors (14336K)
 Metaspace       used 90544K, capacity 94065K, committed 94208K, reserved 1132544K
  class space    used 9394K, capacity 10752K, committed 10752K, reserved 1048576K
}
Event: 31.880 GC heap before
{Heap before GC invocations=27 (full 0):
 garbage-first heap   total 569344K, used 465768K [0x0000000600000000, 0x0000000800000000)
  region size 2048K, 105 young (215040K), 7 survivors (14336K)
 Metaspace       used 90574K, capacity 94067K, committed 94208K, reserved 1132544K
  class space    used 9394K, capacity 10752K, committed 10752K, reserved 1048576K
}
Event: 31.900 GC heap after
{Heap after GC invocations=28 (full 0):
 garbage-first heap   total 569344K, used 276641K [0x0000000600000000, 0x0000000800000000)
  region size 2048K, 12 young (24576K), 12 survivors (24576K)
 Metaspace       used 90574K, capacity 94067K, committed 94208K, reserved 1132544K
  class space    used 9394K, capacity 10752K, committed 10752K, reserved 1048576K
}
Event: 32.439 GC heap before
{Heap before GC invocations=28 (full 0):
 garbage-first heap   total 569344K, used 471201K [0x0000000600000000, 0x0000000800000000)
  region size 2048K, 107 young (219136K), 12 survivors (24576K)
 Metaspace       used 90753K, capacity 94282K, committed 94464K, reserved 1132544K
  class space    used 9394K, capacity 10752K, committed 10752K, reserved 1048576K
}
Event: 32.457 GC heap after
{Heap after GC invocations=29 (full 0):
 garbage-first heap   total 569344K, used 292525K [0x0000000600000000, 0x0000000800000000)
  region size 2048K, 14 young (28672K), 14 survivors (28672K)
 Metaspace       used 90753K, capacity 94282K, committed 94464K, reserved 1132544K
  class space    used 9394K, capacity 10752K, committed 10752K, reserved 1048576K
}
Event: 32.957 GC heap before
{Heap before GC invocations=29 (full 0):
 garbage-first heap   total 569344K, used 474797K [0x0000000600000000, 0x0000000800000000)
  region size 2048K, 103 young (210944K), 14 survivors (28672K)
 Metaspace       used 90770K, capacity 94346K, committed 94464K, reserved 1132544K
  class space    used 9394K, capacity 10752K, committed 10752K, reserved 1048576K
}
Event: 32.985 GC heap after
{Heap after GC invocations=30 (full 0):
 garbage-first heap   total 684032K, used 305088K [0x0000000600000000, 0x0000000800000000)
  region size 2048K, 13 young (26624K), 13 survivors (26624K)
 Metaspace       used 90770K, capacity 94346K, committed 94464K, reserved 1132544K
  class space    used 9394K, capacity 10752K, committed 10752K, reserved 1048576K
}
Event: 33.813 GC heap before
{Heap before GC invocations=31 (full 0):
 garbage-first heap   total 684032K, used 516032K [0x0000000600000000, 0x0000000800000000)
  region size 2048K, 127 young (260096K), 13 survivors (26624K)
 Metaspace       used 91015K, capacity 94607K, committed 94848K, reserved 1132544K
  class space    used 9415K, capacity 10775K, committed 10880K, reserved 1048576K
}
Event: 33.841 GC heap after
{Heap after GC invocations=32 (full 0):
 garbage-first heap   total 684032K, used 295500K [0x0000000600000000, 0x0000000800000000)
  region size 2048K, 13 young (26624K), 13 survivors (26624K)
 Metaspace       used 91015K, capacity 94607K, committed 94848K, reserved 1132544K
  class space    used 9415K, capacity 10775K, committed 10880K, reserved 1048576K
}
Event: 33.898 GC heap before
{Heap before GC invocations=32 (full 0):
 garbage-first heap   total 684032K, used 299596K [0x0000000600000000, 0x0000000800000000)
  region size 2048K, 16 young (32768K), 13 survivors (26624K)
 Metaspace       used 91027K, capacity 94607K, committed 94848K, reserved 1132544K
  class space    used 9416K, capacity 10775K, committed 10880K, reserved 1048576K
}
Event: 33.918 GC heap after
{Heap after GC invocations=33 (full 0):
 garbage-first heap   total 684032K, used 291741K [0x0000000600000000, 0x0000000800000000)
  region size 2048K, 2 young (4096K), 2 survivors (4096K)
 Metaspace       used 91027K, capacity 94607K, committed 94848K, reserved 1132544K
  class space    used 9416K, capacity 10775K, committed 10880K, reserved 1048576K
}

Deoptimization events (20 events):
Event: 38.745 Thread 0x000001aa8968c000 DEOPT PACKING pc=0x000001aae5c679ca sp=0x0000008896bfd8c0
Event: 38.745 Thread 0x000001aa8968c000 DEOPT UNPACKING pc=0x000001aae3aba95e sp=0x0000008896bfcd30 mode 0
Event: 38.745 Thread 0x000001aa8968c000 DEOPT PACKING pc=0x000001aae5c679ca sp=0x0000008896bfd8c0
Event: 38.745 Thread 0x000001aa8968c000 DEOPT UNPACKING pc=0x000001aae3aba95e sp=0x0000008896bfcd30 mode 0
Event: 38.767 Thread 0x000001aa8968c000 DEOPT PACKING pc=0x000001aae5c679ca sp=0x0000008896bfd8c0
Event: 38.767 Thread 0x000001aa8968c000 DEOPT UNPACKING pc=0x000001aae3aba95e sp=0x0000008896bfcd30 mode 0
Event: 38.768 Thread 0x000001aa8968c000 DEOPT PACKING pc=0x000001aae5c679ca sp=0x0000008896bfd8c0
Event: 38.768 Thread 0x000001aa8968c000 DEOPT UNPACKING pc=0x000001aae3aba95e sp=0x0000008896bfcd30 mode 0
Event: 38.768 Thread 0x000001aa8968c000 DEOPT PACKING pc=0x000001aae5c679ca sp=0x0000008896bfd8c0
Event: 38.768 Thread 0x000001aa8968c000 DEOPT UNPACKING pc=0x000001aae3aba95e sp=0x0000008896bfcd30 mode 0
Event: 38.769 Thread 0x000001aa8968c000 DEOPT PACKING pc=0x000001aae4eaf45d sp=0x0000008896bfdb50
Event: 38.769 Thread 0x000001aa8968c000 DEOPT UNPACKING pc=0x000001aae3aba95e sp=0x0000008896bfcfe0 mode 0
Event: 38.814 Thread 0x000001aa8968c000 DEOPT PACKING pc=0x000001aae4ef8e9f sp=0x0000008896bfdd80
Event: 38.814 Thread 0x000001aa8968c000 DEOPT UNPACKING pc=0x000001aae3aba95e sp=0x0000008896bfd260 mode 0
Event: 38.814 Thread 0x000001aa8968c000 DEOPT PACKING pc=0x000001aae4eaf45d sp=0x0000008896bfdb60
Event: 38.814 Thread 0x000001aa8968c000 DEOPT UNPACKING pc=0x000001aae3aba95e sp=0x0000008896bfcff0 mode 0
Event: 38.827 Thread 0x000001aa8968c000 DEOPT PACKING pc=0x000001aae44acfc1 sp=0x0000008896bfd6e0
Event: 38.827 Thread 0x000001aa8968c000 DEOPT UNPACKING pc=0x000001aae3aba95e sp=0x0000008896bfcb60 mode 0
Event: 38.846 Thread 0x000001aa8968c000 DEOPT PACKING pc=0x000001aae4b198df sp=0x0000008896bfdc10
Event: 38.846 Thread 0x000001aa8968c000 DEOPT UNPACKING pc=0x000001aae3aba95e sp=0x0000008896bfd070 mode 0

Classes redefined (0 events):
No events

Internal exceptions (20 events):
Event: 31.340 Thread 0x000001aa89b72000 Implicit null exception at 0x000001aaebaa9ef0 to 0x000001aaebaaba24
Event: 32.553 Thread 0x000001aa8968c000 Implicit null exception at 0x000001aaebdc546f to 0x000001aaebdc8b34
Event: 32.553 Thread 0x000001aa8968c000 Implicit null exception at 0x000001aaebdb37fb to 0x000001aaebdb70cc
Event: 32.554 Thread 0x000001aa8968c000 Implicit null exception at 0x000001aaebdbbef7 to 0x000001aaebdbf78c
Event: 33.133 Thread 0x000001aa89b72000 Implicit null exception at 0x000001aaeb609dd1 to 0x000001aaeb60a014
Event: 33.134 Thread 0x000001aa89b72000 Implicit null exception at 0x000001aaeb609dd1 to 0x000001aaeb60a014
Event: 33.134 Thread 0x000001aa89b72000 Implicit null exception at 0x000001aaeb609dd1 to 0x000001aaeb60a014
Event: 33.135 Thread 0x000001aa89b72000 Implicit null exception at 0x000001aaeb609dd1 to 0x000001aaeb60a014
Event: 33.371 Thread 0x000001aa89689800 Exception <a 'java/lang/NoSuchMethodError'{0x000000062650dca8}: 'int java.lang.invoke.DirectMethodHandle$Holder.invokeInterface(java.lang.Object, java.lang.Object, java.lang.Object, java.lang.Object)'> (0x000000062650dca8) thrown at [s\src\hotspot\share\interpreter\linkResolver.cpp, line 773]
Event: 33.371 Thread 0x000001aa89689800 Exception <a 'java/lang/IncompatibleClassChangeError'{0x00000006265115f8}: Found class java.lang.Object, but interface was expected> (0x00000006265115f8) thrown at [s\src\hotspot\share\interpreter\linkResolver.cpp, line 839]
Event: 34.563 Thread 0x000001aa8968c000 Exception <a 'java/lang/NoSuchMethodError'{0x00000006243d6558}: 'java.lang.Object java.lang.invoke.Invokers$Holder.linkToTargetMethod(java.lang.Object, java.lang.Object, java.lang.Object, java.lang.Object, java.lang.Object, java.lang.Object)'> (0x00000006243d6558) thrown at [s\src\hotspot\share\interpreter\linkResolver.cpp, line 773]
Event: 34.725 Thread 0x000001aa8968c000 Exception <a 'java/lang/NoSuchMethodError'{0x0000000623cb4cd0}: 'double java.lang.invoke.DirectMethodHandle$Holder.invokeStatic(java.lang.Object, java.lang.Object)'> (0x0000000623cb4cd0) thrown at [s\src\hotspot\share\interpreter\linkResolver.cpp, line 773]
Event: 35.156 Thread 0x000001aa8968c000 Implicit null exception at 0x000001aaebc48185 to 0x000001aaebc4819f
Event: 35.190 Thread 0x000001aa8968c000 Implicit null exception at 0x000001aaebc48185 to 0x000001aaebc4819f
Event: 35.347 Thread 0x000001aa8968c000 Implicit null exception at 0x000001aaebc48185 to 0x000001aaebc4819f
Event: 35.363 Thread 0x000001aa8968c000 Implicit null exception at 0x000001aaebe24580 to 0x000001aaebe25144
Event: 35.712 Thread 0x000001aa8968c000 Implicit null exception at 0x000001aaebc48185 to 0x000001aaebc4819f
Event: 37.243 Thread 0x000001aa8968c000 Implicit null exception at 0x000001aaebd88438 to 0x000001aaebd8c884
Event: 37.329 Thread 0x000001aa89686800 Exception <a 'java/net/SocketTimeoutException'{0x0000000620e00038}: Read timed out> (0x0000000620e00038) thrown at [s\src\hotspot\share\prims\jni.cpp, line 638]
Event: 38.372 Thread 0x000001aa8968c000 Implicit null exception at 0x000001aaeb738920 to 0x000001aaeb738efc

Events (20 events):
Event: 36.448 Executing VM operation: RevokeBias done
Event: 36.448 Executing VM operation: RevokeBias
Event: 36.448 Executing VM operation: RevokeBias done
Event: 36.448 Executing VM operation: RevokeBias
Event: 36.448 Executing VM operation: RevokeBias done
Event: 36.449 Executing VM operation: RevokeBias
Event: 36.449 Executing VM operation: RevokeBias done
Event: 36.449 Executing VM operation: RevokeBias
Event: 36.450 Executing VM operation: RevokeBias done
Event: 36.450 Executing VM operation: RevokeBias
Event: 36.450 Executing VM operation: RevokeBias done
Event: 36.457 loading class net/runelite/api/Quest
Event: 36.457 loading class net/runelite/api/Quest done
Event: 37.329 Executing VM operation: RevokeBias
Event: 37.329 Executing VM operation: RevokeBias done
Event: 37.329 Thread 0x000001aa89686800 Thread exited: 0x000001aa89686800
Event: 37.337 loading class net/runelite/api/coords/WorldPoint
Event: 37.337 loading class net/runelite/api/coords/WorldPoint done
Event: 37.338 loading class net/runelite/api/MenuEntry
Event: 37.338 loading class net/runelite/api/MenuEntry done


Dynamic libraries:
0x00007ff7541f0000 - 0x00007ff7541fd000 	C:\Users\Jacob\.jdks\corretto-11.0.20.1\bin\java.exe
0x00007fff21170000 - 0x00007fff21368000 	C:\WINDOWS\SYSTEM32\ntdll.dll
0x00007fff18860000 - 0x00007fff18879000 	C:\Program Files\AVAST Software\Avast\aswhook.dll
0x00007fff205f0000 - 0x00007fff206ad000 	C:\WINDOWS\System32\KERNEL32.DLL
0x00007fff1e070000 - 0x00007fff1e366000 	C:\WINDOWS\System32\KERNELBASE.dll
0x00007fff1e540000 - 0x00007fff1e640000 	C:\WINDOWS\System32\ucrtbase.dll
0x00007fff18460000 - 0x00007fff18477000 	C:\Users\Jacob\.jdks\corretto-11.0.20.1\bin\jli.dll
0x00007fff18420000 - 0x00007fff18439000 	C:\Users\Jacob\.jdks\corretto-11.0.20.1\bin\VCRUNTIME140.dll
0x00007fff1ea40000 - 0x00007fff1ebde000 	C:\WINDOWS\System32\USER32.dll
0x00007fff1e780000 - 0x00007fff1e7a2000 	C:\WINDOWS\System32\win32u.dll
0x00007ffefe850000 - 0x00007ffefeaea000 	C:\WINDOWS\WinSxS\amd64_microsoft.windows.common-controls_6595b64144ccf1df_6.0.19041.1110_none_60b5254171f9507e\COMCTL32.dll
0x00007fff1f500000 - 0x00007fff1f52c000 	C:\WINDOWS\System32\GDI32.dll
0x00007fff21030000 - 0x00007fff210ce000 	C:\WINDOWS\System32\msvcrt.dll
0x00007fff1df00000 - 0x00007fff1e01a000 	C:\WINDOWS\System32\gdi32full.dll
0x00007fff1de60000 - 0x00007fff1defd000 	C:\WINDOWS\System32\msvcp_win.dll
0x00007fff1f9b0000 - 0x00007fff1f9e0000 	C:\WINDOWS\System32\IMM32.DLL
0x00007ffef7190000 - 0x00007ffef722b000 	C:\Users\Jacob\.jdks\corretto-11.0.20.1\bin\msvcp140.dll
0x00007ffe980a0000 - 0x00007ffe98c2b000 	C:\Users\Jacob\.jdks\corretto-11.0.20.1\bin\server\jvm.dll
0x00007fff206b0000 - 0x00007fff2075e000 	C:\WINDOWS\System32\ADVAPI32.dll
0x00007fff20f90000 - 0x00007fff2102c000 	C:\WINDOWS\System32\sechost.dll
0x00007fff20760000 - 0x00007fff20886000 	C:\WINDOWS\System32\RPCRT4.dll
0x00007fff1ec90000 - 0x00007fff1ec98000 	C:\WINDOWS\System32\PSAPI.DLL
0x00007fff0acc0000 - 0x00007fff0acc9000 	C:\WINDOWS\SYSTEM32\WSOCK32.dll
0x00007fff1e820000 - 0x00007fff1e88b000 	C:\WINDOWS\System32\WS2_32.dll
0x00007fff12540000 - 0x00007fff12567000 	C:\WINDOWS\SYSTEM32\WINMM.dll
0x00007fff12570000 - 0x00007fff1257a000 	C:\WINDOWS\SYSTEM32\VERSION.dll
0x00007fff1bd20000 - 0x00007fff1bd32000 	C:\WINDOWS\SYSTEM32\kernel.appcore.dll
0x00007fff19ce0000 - 0x00007fff19cf0000 	C:\Users\Jacob\.jdks\corretto-11.0.20.1\bin\verify.dll
0x00007fff17100000 - 0x00007fff172e4000 	C:\WINDOWS\SYSTEM32\DBGHELP.DLL
0x00007fff0fe00000 - 0x00007fff0fe34000 	C:\WINDOWS\SYSTEM32\dbgcore.DLL
0x00007fff1e640000 - 0x00007fff1e6c2000 	C:\WINDOWS\System32\bcryptPrimitives.dll
0x00007fff0fc80000 - 0x00007fff0fca8000 	C:\Users\Jacob\.jdks\corretto-11.0.20.1\bin\java.dll
0x00007fff19410000 - 0x00007fff1941a000 	C:\Users\Jacob\.jdks\corretto-11.0.20.1\bin\jimage.dll
0x00007fff0fbd0000 - 0x00007fff0fc08000 	C:\Users\Jacob\.jdks\corretto-11.0.20.1\bin\jdwp.dll
0x00007fff17420000 - 0x00007fff17438000 	C:\Users\Jacob\.jdks\corretto-11.0.20.1\bin\zip.dll
0x00007fff1eca0000 - 0x00007fff1f3e5000 	C:\WINDOWS\System32\SHELL32.dll
0x00007fff1bf20000 - 0x00007fff1c6bb000 	C:\WINDOWS\SYSTEM32\windows.storage.dll
0x00007fff1f650000 - 0x00007fff1f9a4000 	C:\WINDOWS\System32\combase.dll
0x00007fff1d8a0000 - 0x00007fff1d8ce000 	C:\WINDOWS\SYSTEM32\Wldp.dll
0x00007fff1ebe0000 - 0x00007fff1ec8d000 	C:\WINDOWS\System32\SHCORE.dll
0x00007fff1f9f0000 - 0x00007fff1fa45000 	C:\WINDOWS\System32\shlwapi.dll
0x00007fff1dd90000 - 0x00007fff1ddb5000 	C:\WINDOWS\SYSTEM32\profapi.dll
0x00007fff182e0000 - 0x00007fff182ea000 	C:\Users\Jacob\.jdks\corretto-11.0.20.1\bin\dt_socket.dll
0x00007fff1d600000 - 0x00007fff1d66a000 	C:\WINDOWS\system32\mswsock.dll
0x00007fff16cd0000 - 0x00007fff16ce9000 	C:\Users\Jacob\.jdks\corretto-11.0.20.1\bin\net.dll
0x00007fff14f70000 - 0x00007fff1507a000 	C:\WINDOWS\SYSTEM32\WINHTTP.dll
0x00007fff16c80000 - 0x00007fff16c93000 	C:\Users\Jacob\.jdks\corretto-11.0.20.1\bin\nio.dll
0x00007fff17700000 - 0x00007fff1770e000 	C:\Users\Jacob\.jdks\corretto-11.0.20.1\bin\sunmscapi.dll
0x00007fff1e3e0000 - 0x00007fff1e53e000 	C:\WINDOWS\System32\CRYPT32.dll
0x00007fff1d910000 - 0x00007fff1d938000 	C:\WINDOWS\SYSTEM32\ncrypt.dll
0x00007fff1d8d0000 - 0x00007fff1d90b000 	C:\WINDOWS\SYSTEM32\NTASN1.dll
0x00007fff0f940000 - 0x00007fff0f965000 	C:\Users\Jacob\.jdks\corretto-11.0.20.1\bin\sunec.dll
0x00007fff1da30000 - 0x00007fff1da42000 	C:\WINDOWS\SYSTEM32\MSASN1.dll
0x00007fff1d7f0000 - 0x00007fff1d808000 	C:\WINDOWS\SYSTEM32\CRYPTSP.dll
0x00007fff1ceb0000 - 0x00007fff1cee4000 	C:\WINDOWS\system32\rsaenh.dll
0x00007fff1e7f0000 - 0x00007fff1e817000 	C:\WINDOWS\System32\bcrypt.dll
0x00007fff1d810000 - 0x00007fff1d81c000 	C:\WINDOWS\SYSTEM32\CRYPTBASE.dll
0x00007fff1c6d0000 - 0x00007fff1c6f3000 	C:\WINDOWS\SYSTEM32\gpapi.dll
0x00007ffefcc50000 - 0x00007ffefccaa000 	C:\WINDOWS\system32\ncryptprov.dll
0x00007fff1dd50000 - 0x00007fff1dd7e000 	C:\WINDOWS\SYSTEM32\USERENV.dll
0x00007fff1d290000 - 0x00007fff1d2cb000 	C:\WINDOWS\SYSTEM32\IPHLPAPI.DLL
0x00007fff1f9e0000 - 0x00007fff1f9e8000 	C:\WINDOWS\System32\NSI.dll
0x00007fff156f0000 - 0x00007fff15707000 	C:\WINDOWS\SYSTEM32\dhcpcsvc6.DLL
0x00007fff15e60000 - 0x00007fff15e7d000 	C:\WINDOWS\SYSTEM32\dhcpcsvc.DLL
0x00007fff1d2d0000 - 0x00007fff1d39a000 	C:\WINDOWS\SYSTEM32\DNSAPI.dll
0x00007ffecca20000 - 0x00007ffeccbba000 	C:\Users\Jacob\.jdks\corretto-11.0.20.1\bin\awt.dll
0x00007fff20b00000 - 0x00007fff20bcd000 	C:\WINDOWS\System32\OLEAUT32.dll
0x00007fff1b770000 - 0x00007fff1b801000 	C:\WINDOWS\SYSTEM32\apphelp.dll
0x00007fff1b850000 - 0x00007fff1b8ee000 	C:\WINDOWS\system32\uxtheme.dll
0x00007fff1f530000 - 0x00007fff1f644000 	C:\WINDOWS\System32\MSCTF.dll
0x00007fff203b0000 - 0x00007fff204da000 	C:\WINDOWS\System32\ole32.dll
0x00007fff1bb40000 - 0x00007fff1bb6f000 	C:\WINDOWS\system32\DWMAPI.DLL
0x00007ffeef320000 - 0x00007ffeef445000 	C:\WINDOWS\system32\opengl32.dll
0x00007fff183f0000 - 0x00007fff1841c000 	C:\WINDOWS\SYSTEM32\GLU32.dll
0x00007ffeeeae0000 - 0x00007ffeeecad000 	C:\WINDOWS\system32\d3d9.dll
0x00007fff12580000 - 0x00007fff1275b000 	C:\WINDOWS\System32\DriverStore\FileRepository\c0361132.inf_amd64_1f7832db1fb1721f\B361196\aticfx64.dll
0x00007fff0f870000 - 0x00007fff0f8a3000 	C:\WINDOWS\System32\DriverStore\FileRepository\c0361132.inf_amd64_1f7832db1fb1721f\B361196\atiu9p64.dll
0x00007ffe97380000 - 0x00007ffe98092000 	C:\WINDOWS\System32\DriverStore\FileRepository\c0361132.inf_amd64_1f7832db1fb1721f\B361196\atiumd64.dll
0x00000000750c0000 - 0x0000000075f7c000 	C:\WINDOWS\System32\DriverStore\FileRepository\c0361132.inf_amd64_1f7832db1fb1721f\B361196\atiumd6a.dll
0x00007fff1d500000 - 0x00007fff1d54b000 	C:\WINDOWS\SYSTEM32\POWRPROF.dll
0x00007fff1d400000 - 0x00007fff1d412000 	C:\WINDOWS\SYSTEM32\UMPDC.dll
0x00007fff10560000 - 0x00007fff10590000 	C:\WINDOWS\SYSTEM32\amdihk64.dll
0x00007fff12f30000 - 0x00007fff12f6b000 	C:\WINDOWS\SYSTEM32\dxcore.dll
0x00007fff1e020000 - 0x00007fff1e06e000 	C:\WINDOWS\System32\cfgmgr32.dll
0x00007ffef76d0000 - 0x00007ffef7753000 	C:\Users\Jacob\.jdks\corretto-11.0.20.1\bin\freetype.dll
0x00007ffee6f10000 - 0x00007ffee6fdf000 	C:\Users\Jacob\.jdks\corretto-11.0.20.1\bin\fontmanager.dll
0x00007fff0e680000 - 0x00007fff0e77a000 	C:\WINDOWS\SYSTEM32\textinputframework.dll
0x00007fff1adf0000 - 0x00007fff1b14e000 	C:\WINDOWS\System32\CoreUIComponents.dll
0x00007fff1b510000 - 0x00007fff1b602000 	C:\WINDOWS\System32\CoreMessaging.dll
0x00007fff1cfd0000 - 0x00007fff1d003000 	C:\WINDOWS\SYSTEM32\ntmarta.dll
0x00007fff19e10000 - 0x00007fff19f65000 	C:\WINDOWS\SYSTEM32\wintypes.dll
0x00007fff174a0000 - 0x00007fff174a9000 	C:\Users\Jacob\.jdks\corretto-11.0.20.1\bin\management.dll
0x00007fff16a60000 - 0x00007fff16a6b000 	C:\Users\Jacob\.jdks\corretto-11.0.20.1\bin\management_ext.dll
0x00007fff14ea0000 - 0x00007fff14eaa000 	C:\Windows\System32\rasadhlp.dll
0x00007fff0bdd0000 - 0x00007fff0be52000 	C:\WINDOWS\System32\fwpuclnt.dll
0x00007fff066b0000 - 0x00007fff066f4000 	C:\Users\Jacob\AppData\Local\Temp\jna-71328959\jna8589368860832858865.dll
0x00007ffef4c40000 - 0x00007ffef4cdc000 	C:\Users\Jacob\AppData\Local\Temp\jna-71328959\jna13973211254269037760.dll
0x00007ffef69e0000 - 0x00007ffef6a5f000 	C:\Users\Jacob\.jdks\corretto-11.0.20.1\bin\mlib_image.dll
0x00007fff16a10000 - 0x00007fff16a21000 	C:\Users\Jacob\.jdks\corretto-11.0.20.1\bin\jsound.dll
0x00007ffef5970000 - 0x00007ffef5a0c000 	C:\WINDOWS\SYSTEM32\DSOUND.dll
0x00007fff0c250000 - 0x00007fff0c276000 	C:\WINDOWS\SYSTEM32\winmmbase.dll
0x00007fff1f3f0000 - 0x00007fff1f499000 	C:\WINDOWS\System32\clbcatq.dll
0x00007fff15cd0000 - 0x00007fff15d55000 	C:\WINDOWS\System32\MMDevApi.dll
0x00007fff1dbf0000 - 0x00007fff1dc23000 	C:\WINDOWS\System32\DEVOBJ.dll
0x00007fff05780000 - 0x00007fff057c6000 	C:\WINDOWS\SYSTEM32\wdmaud.drv
0x00007fff18790000 - 0x00007fff18799000 	C:\WINDOWS\SYSTEM32\ksuser.dll
0x00007fff18250000 - 0x00007fff1825a000 	C:\WINDOWS\SYSTEM32\AVRT.dll
0x00007fff16160000 - 0x00007fff162e2000 	C:\WINDOWS\SYSTEM32\AUDIOSES.DLL
0x00007fff186b0000 - 0x00007fff186bd000 	C:\WINDOWS\SYSTEM32\msacm32.drv
0x00007fff18480000 - 0x00007fff1849e000 	C:\WINDOWS\SYSTEM32\MSACM32.dll
0x00007fff176f0000 - 0x00007fff176fb000 	C:\WINDOWS\SYSTEM32\midimap.dll
0x00007fff1b930000 - 0x00007fff1b944000 	C:\WINDOWS\SYSTEM32\resourcepolicyclient.dll
0x00007fff0e780000 - 0x00007fff0e8c1000 	C:\Windows\System32\Windows.UI.dll
0x00007fff13ca0000 - 0x00007fff13d41000 	C:\Windows\System32\WindowManagementAPI.dll
0x00007fff0e520000 - 0x00007fff0e672000 	C:\Windows\System32\InputHost.dll
0x00007fff19940000 - 0x00007fff19a36000 	C:\Windows\System32\PROPSYS.dll
0x00007fff15f20000 - 0x00007fff16127000 	C:\Windows\System32\twinapi.appcore.dll
0x00007fff065b0000 - 0x00007fff065dd000 	C:\Users\Jacob\.jdks\corretto-11.0.20.1\bin\javajpeg.dll
0x00007fff172f0000 - 0x00007fff172fb000 	C:\WINDOWS\SYSTEM32\WINNSI.DLL
0x00007fff14080000 - 0x00007fff14087000 	C:\Users\Jacob\.jdks\corretto-11.0.20.1\bin\jawt.dll
0x00007ffefc7f0000 - 0x00007ffefc817000 	C:\Users\Jacob\AppData\Local\Temp\9964839443329893651rlawt.dll
0x00007fff13ae0000 - 0x00007fff13c94000 	C:\WINDOWS\SYSTEM32\WindowsCodecs.dll
0x00007ffeef270000 - 0x00007ffeef2ae000 	C:\WINDOWS\system32\dataexchange.dll
0x00007fff1a3d0000 - 0x00007fff1a633000 	C:\WINDOWS\system32\d3d11.dll
0x00007fff1ac00000 - 0x00007fff1ade3000 	C:\WINDOWS\system32\dcomp.dll
0x00007fff1c700000 - 0x00007fff1c7f3000 	C:\WINDOWS\system32\dxgi.dll
0x00007fff13970000 - 0x00007fff13a1e000 	C:\WINDOWS\SYSTEM32\mscms.dll
0x00007fff13950000 - 0x00007fff13961000 	C:\WINDOWS\SYSTEM32\ColorAdapterClient.dll

dbghelp: loaded successfully - version: 4.0.5 - missing functions: none
symbol engine: initialized successfully - sym options: 0x614 - pdb path: .;C:\Users\Jacob\.jdks\corretto-11.0.20.1\bin;C:\WINDOWS\SYSTEM32;C:\Program Files\AVAST Software\Avast;C:\WINDOWS\WinSxS\amd64_microsoft.windows.common-controls_6595b64144ccf1df_6.0.19041.1110_none_60b5254171f9507e;C:\Users\Jacob\.jdks\corretto-11.0.20.1\bin\server;C:\WINDOWS\System32\DriverStore\FileRepository\c0361132.inf_amd64_1f7832db1fb1721f\B361196;C:\Users\Jacob\AppData\Local\Temp\jna-71328959;C:\Users\Jacob\AppData\Local\Temp;C:\Users\Jacob\AppData\Local\Temp\lwjgl-rl\3.3.2+13\x64

VM Arguments:
jvm_args: -agentlib:jdwp=transport=dt_socket,server=n,suspend=y,address=127.0.0.1:50653 -Dfile.encoding=windows-1252 -Duser.country=US -Duser.language=en -Duser.variant -ea -Xmx8192M 
java_command: pathfinder.ShortestPathPluginTest
java_class_path (initial): J:\Data\Runelite\Leagues_Planner_And_Pather\Leagues_Planner_And_Pather\build\classes\java\test;J:\Data\Runelite\Leagues_Planner_And_Pather\Leagues_Planner_And_Pather\build\resources\test;J:\Data\Runelite\Leagues_Planner_And_Pather\Leagues_Planner_And_Pather\build\classes\java\main;J:\Data\Runelite\Leagues_Planner_And_Pather\Leagues_Planner_And_Pather\build\resources\main;C:\Users\Jacob\.m2\repository\junit\junit\4.12\junit-4.12.jar;C:\Users\Jacob\.gradle\caches\modules-2\files-2.1\org.mockito\mockito-core\3.4.6\ac377337eb06d243cf603b0d21fecdbb914b6143\mockito-core-3.4.6.jar;C:\Users\Jacob\.gradle\caches\modules-2\files-2.1\net.runelite\client\1.10.13.1\574df0bf19e5d1b8447554706f6fa4fb1a623059\client-1.10.13.1.jar;C:\Users\Jacob\.gradle\caches\modules-2\files-2.1\net.runelite\jshell\1.10.13.1\78edbb7acf781393fb5539086c3eca2e1b7c7fe5\jshell-1.10.13.1.jar;C:\Users\Jacob\.m2\repository\org\hamcrest\hamcrest-core\1.3\hamcrest-core-1.3.jar;C:\Users\Jacob\.gradle\caches\modules-2\files-2.1\net.bytebuddy\byte-buddy\1.10.13\1426b15be5954246a9a72fd4baae1f42b9a4f45d\byte-buddy-1.10.13.jar;C:\Users\Jacob\.gradle\caches\modules-2\files-2.1\net.bytebuddy\byte-buddy-agent\1.10.13\f5b939963d13be46c101a3c12bf49aa23abb191\byte-buddy-agent-1.10.13.jar;C:\Users\Jacob\.m2\repository\org\objenesis\objenesis\2.6\objenesis-2.6.jar;C:\Users\Jacob\.gradle\caches\modules-2\files-2.1\ch.qos.logback\logback-classic\1.2.9\7d495522b08a9a66084bf417e70eedf95ef706bc\logback-classic-1.2.9.jar;C:\Users\Jacob\.gradle\caches\modules-2\files-2.1\net.runelite\runelite-api\1.10.13.1\68761216eb202e19e8249485fb430278490eca28\runelite-api-1.10.13.1.jar;C:\Users\Jacob\.gradle\caches\modules-2\files-2.1\net.runelite.arn\http-api\1.2.12\cfc22db3403096bafb869a3aab0a0e65ddd39c4d\http-api-1.2.12.jar;C:\Users\Jacob\.gradle\caches\modules-2\files-2.1\org.slf4j\slf4j-api\1.7.32\cdcff33940d9f2de763bc41ea05a0be5941176c3\slf4j-api-1.7.32.jar;C:\Users\Jacob\.m2\repository\net\sf\jopt-simple\jo
Launcher Type: SUN_STANDARD

[Global flags]
     intx CICompilerCount                          = 3                                         {product} {ergonomic}
     uint ConcGCThreads                            = 1                                         {product} {ergonomic}
     uint G1ConcRefinementThreads                  = 4                                         {product} {ergonomic}
   size_t G1HeapRegionSize                         = 2097152                                   {product} {ergonomic}
    uintx GCDrainStackTargetSize                   = 64                                        {product} {ergonomic}
   size_t InitialHeapSize                          = 402653184                                 {product} {ergonomic}
   size_t MarkStackSize                            = 4194304                                   {product} {ergonomic}
   size_t MaxHeapSize                              = 8589934592                                {product} {command line}
   size_t MaxNewSize                               = 5152702464                                {product} {ergonomic}
   size_t MinHeapDeltaBytes                        = 2097152                                   {product} {ergonomic}
    uintx NonNMethodCodeHeapSize                   = 5830732                                {pd product} {ergonomic}
    uintx NonProfiledCodeHeapSize                  = 122913754                              {pd product} {ergonomic}
    uintx ProfiledCodeHeapSize                     = 122913754                              {pd product} {ergonomic}
    uintx ReservedCodeCacheSize                    = 251658240                              {pd product} {ergonomic}
     bool SegmentedCodeCache                       = true                                      {product} {ergonomic}
     bool UseCompressedClassPointers               = true                                 {lp64_product} {ergonomic}
     bool UseCompressedOops                        = true                                 {lp64_product} {ergonomic}
     bool UseG1GC                                  = true                                      {product} {ergonomic}
     bool UseLargePagesIndividualAllocation        = false                                  {pd product} {ergonomic}

Logging:
Log output configuration:
 #0: stdout all=warning uptime,level,tags
 #1: stderr all=off uptime,level,tags

Environment Variables:
_JAVA_OPTIONS=-Xmx8192M
PATH=C:\Program Files (x86)\Razer Chroma SDK\bin;C:\Program Files\Razer Chroma SDK\bin;C:\Program Files (x86)\Java\jdk1.8.0_91\jre\bin;C:\Program Files (x86)\Java\jdk1.8.0_91\jre\bin\client;C:\Program Files (x86)\Java\jdk1.8.0_91\bin;C:\ProgramData\Oracle\Java\javapath;C:\Program Files (x86)\NVIDIA Corporation\PhysX\Common;C:\Program Files\Common Files\Microsoft Shared\Windows Live;C:\Program Files (x86)\Common Files\Microsoft Shared\Windows Live;C:\Program Files (x86)\AMD APP\bin\x86_64;C:\Program Files (x86)\AMD APP\bin\x86;C:\Program Files (x86)\Intel\iCLS Client\;C:\Program Files\Intel\iCLS Client\;C:\Windows\system32;C:\Windows;C:\Windows\System32\Wbem;C:\Windows\System32\WindowsPowerShell\v1.0\;C:\Program Files\Intel\Intel(R) Management Engine Components\DAL;C:\Program Files\Intel\Intel(R) Management Engine Components\IPT;C:\Program Files (x86)\Intel\Intel(R) Management Engine Components\DAL;C:\Program Files (x86)\Intel\Intel(R) Management Engine Components\IPT;C:\Program Files (x86)\ATI Technologies\ATI.ACE\Core-Static;C:\Program Files\Microsoft SQL Server\110\Tools\Binn\;C:\Program Files\TortoiseHg\;%JAVA_HOME%\bin;J:\Installs\Cloc;C:\Program Files (x86)\Steam;J:\Installs\Doxygen\doxygen\bin;C:\Program Files (x86)\AMD\ATI.ACE\Core-Static;C:\Program Files\Common Files\Autodesk Shared\;C:\Program Files (x86)\Autodesk\Backburner\;C:\cygwin;C:\Program Files\TortoiseGit\bin;C:\Program Files (x86)\Microsoft DirectX SDK (June 2010)\Include;C:\Program Files (x86)\Git\cmd;C:\Program Files (x86)\Git\bin;C:\Program Files (x86)\Windows Live\Shared;J:\Installs\GitExtensions\;C:\Program Files\Perforce;C:\Program Files\Perforce\DVCS\;C:\Program Files\WIDCOMM\Bluetooth Software\;C:\Program Files\WIDCOMM\Bluetooth Software\syswow64;J:\Installs\Python\Scripts\;J:\Installs\Python\;C:\Program Files (x86)\PuTTY\;C:\Program Files\Microsoft SQL Server\120\Tools\Binn\;C:\Program Files\Intel\WiFi\bin\;C:\Program Files\Common Files\Intel\WirelessCommon\;C:\WINDOWS\system32;C:\WINDOWS;C:
USERNAME=Jacob
OS=Windows_NT
PROCESSOR_IDENTIFIER=Intel64 Family 6 Model 58 Stepping 9, GenuineIntel
TMP=C:\Users\Jacob\AppData\Local\Temp
TEMP=C:\Users\Jacob\AppData\Local\Temp



---------------  S Y S T E M  ---------------

OS: Windows 10 , 64 bit Build 19041 (10.0.19041.3393)
OS uptime: 9 days 18:12 hours

CPU:total 4 (initial active 4) (4 cores per cpu, 1 threads per core) family 6 model 58 stepping 9 microcode 0x21, cmov, cx8, fxsr, mmx, sse, sse2, sse3, ssse3, sse4.1, sse4.2, popcnt, avx, aes, clmul, erms, tsc, tscinvbit, tscinv

Memory: 4k page, system-wide physical 24523M (10483M free)
TotalPageFile size 29643M (AvailPageFile size 8M)
current process WorkingSet (physical memory assigned to process): 1090M, peak: 1101M
current process commit charge ("private bytes"): 1346M, peak: 1352M

vm_info: OpenJDK 64-Bit Server VM (11.0.20.1+9-LTS) for windows-amd64 JRE (11.0.20.1+9-LTS), built on Aug 19 2023 03:46:24 by "Administrator" with MS VC++ 15.9 (VS2017)

END.
